2026-04-17 14:36:19,552 [T1] INFO  EngineStarter
BOT Engine Start - v3.1.126.00128 at 2026-04-17 오후 2:36:19
EngineID: D_20260417_143618_867
PID : 12688
PPID: 14300
Working Directory: C:\Users\3class_007\AppData\Roaming\Brity RPA Designer

2026-04-17 14:36:19,570 [T1] INFO  EngineStarter
System Language: ko-KR
Resolution: 1920 x 1200

2026-04-17 14:36:19,791 [T1] INFO  Config
Initialize Config

2026-04-17 14:36:19,832 [T1] DEBUG Config
Config Loaded

2026-04-17 14:36:19,838 [T1] DEBUG Config
Backup config file.

2026-04-17 14:36:19,852 [T1] INFO  Config
Orchestrator Service => https://bwrpa.samsungsds.com:8777

2026-04-17 14:36:19,852 [T1] INFO  Config
Initialize Resource Config

2026-04-17 14:36:19,879 [T1] DEBUG Config
Refresh Language Information

2026-04-17 14:36:19,960 [T1] INFO  Config
All Config Initialized.

2026-04-17 14:36:19,964 [T1] DEBUG KeyManager
Initialize KeyManager

2026-04-17 14:36:19,969 [T1] DEBUG KeyManager
Load device unique id.

2026-04-17 14:36:19,975 [T1] DEBUG KeyManager
Device ID is initialized. (Type: 7)

2026-04-17 14:36:19,978 [T1] INFO  Config
Activated License Type : StandAloneDesigner

2026-04-17 14:36:20,046 [T4] DEBUG JobService
Connect to agent service

2026-04-17 14:36:20,070 [T4] DEBUG JobService
JobService URL : net.tcp://127.0.0.1:59001/rpa/agent

2026-04-17 14:36:20,071 [T4] DEBUG JobService
Open connection

2026-04-17 14:36:20,074 [T1] DEBUG ApplicationInitializer
InitMode: Thread

2026-04-17 14:36:20,086 [T4] DEBUG JobService
Register engine to agent

2026-04-17 14:36:20,087 [T1] INFO  LibraryManager
Load Libraries - Started

2026-04-17 14:36:20,098 [T4] DEBUG JobService
Engine is connected to agent service.

2026-04-17 14:36:20,098 [T4] DEBUG JobService
Owner Process PID: 14300

2026-04-17 14:36:20,100 [T1] DEBUG AddInLoader
Load Assembly : IPA.Lib.Chrome

2026-04-17 14:36:20,101 [T4] INFO  JobService
Start monitoring owner process is terminated.

2026-04-17 14:36:20,310 [T1] DEBUG AddInLoader
Load Assembly : IPA.Lib.Desktop

2026-04-17 14:36:20,460 [T1] DEBUG AddInLoader
Load Assembly : IPA.Lib.Excel

2026-04-17 14:36:20,617 [T1] DEBUG AddInLoader
Load Assembly : IPA.Lib.Flow

2026-04-17 14:36:20,719 [T1] DEBUG AddInLoader
Load Assembly : IPA.Lib.IE

2026-04-17 14:36:20,798 [T1] DEBUG AddInLoader
Load Assembly : IPA.Lib.ImageConverter

2026-04-17 14:36:20,847 [T1] DEBUG AddInLoader
Load Assembly : IPA.Lib.ImageRecognition

2026-04-17 14:36:21,018 [T1] DEBUG AddInLoader
Load Assembly : IPA.Lib.MicrosoftOCR

2026-04-17 14:36:21,085 [T1] DEBUG AddInLoader
Load Assembly : IPA.Lib.Net

2026-04-17 14:36:21,169 [T1] DEBUG AddInLoader
Load Assembly : IPA.Lib.Orchestra

2026-04-17 14:36:21,253 [T1] DEBUG AddInLoader
Load Assembly : IPA.Lib.ProcessFlow

2026-04-17 14:36:21,337 [T1] DEBUG AddInLoader
Load Assembly : IPA.Lib.SAP

2026-04-17 14:36:21,418 [T1] DEBUG AddInLoader
Load Assembly : IPA.Lib.Web

2026-04-17 14:36:21,525 [T1] DEBUG AddInLoader
Load Assembly : IPA.Lib.Win

2026-04-17 14:36:21,650 [T1] INFO  ScreenCapture
Default Screen Capture Bounds: 0,0,1920,1200

2026-04-17 14:36:21,676 [T1] DEBUG AddInLoader
Load Assembly : BrityRPA.AddIn.NativeApp

2026-04-17 14:36:21,775 [T1] DEBUG AddInLoader
Load Assembly : BrityWorks.AddIn.Outlook

2026-04-17 14:36:21,837 [T1] DEBUG AddInLoader
Load Assembly : BrityWorks.AddIn.Pdf

2026-04-17 14:36:21,915 [T1] DEBUG LibraryManager
Load Library - Chrome

2026-04-17 14:36:21,930 [T1] DEBUG LibraryManager
Load Library - Desktop

2026-04-17 14:36:21,945 [T1] DEBUG LibraryManager
Load Library - Excel

2026-04-17 14:36:21,960 [T1] DEBUG LibraryManager
Load Library - Flow

2026-04-17 14:36:21,975 [T1] DEBUG LibraryManager
Load Library - IE

2026-04-17 14:36:21,991 [T1] DEBUG LibraryManager
Load Library - ImageConverter

2026-04-17 14:36:22,006 [T1] DEBUG LibraryManager
Load Library - ImageRecognition

2026-04-17 14:36:22,022 [T1] DEBUG LibraryManager
Load Library - MicrosoftOCR

2026-04-17 14:36:22,037 [T1] DEBUG LibraryManager
Load Library - NativeApp

2026-04-17 14:36:22,053 [T1] DEBUG LibraryManager
Load Library - Net

2026-04-17 14:36:22,069 [T1] DEBUG LibraryManager
Load Library - Orchestra

2026-04-17 14:36:22,085 [T1] DEBUG LibraryManager
Load Library - Outlook

2026-04-17 14:36:22,100 [T1] DEBUG LibraryManager
Load Library - Pdf

2026-04-17 14:36:22,115 [T1] DEBUG LibraryManager
Load Library - SAP

2026-04-17 14:36:22,131 [T1] DEBUG LibraryManager
Load Library - Web

2026-04-17 14:36:22,147 [T1] DEBUG LibraryManager
Load Library - Win

2026-04-17 14:36:22,163 [T1] DEBUG LibraryManager
Load Library - WorkFlow

2026-04-17 14:36:22,169 [T1] DEBUG LibraryManager
Load built-in script libraries

2026-04-17 14:36:22,434 [T1] INFO  LibraryManager
Load Libraries - Completed.

2026-04-17 14:36:22,443 [T1] INFO  App
Launch Arguments: Total: 6 |  -eid D_20260417_143618_867 -runtype ProcRunner -ppid 14300

2026-04-17 14:36:22,444 [T1] DEBUG Config
Refresh Language Information

2026-04-17 14:36:22,444 [T1] DEBUG LibraryManager
LibraryManager Initialized.

2026-04-17 14:36:50,648 [T9] INFO  JobService
Start Job: T_2_macro (Foreground)
{
  "JobType": 1,
  "State": 0,
  "IsRunning": false,
  "ResultMessage": null,
  "StartTime": "2026-04-17 14:36:50",
  "EndTime": null,
  "JobId": "Designer_20260417_143650_277",
  "UserAuthentication": null,
  "ProcessPath": "C:\\Users\\3class_007\\Documents\\Brity RPA Projects\\ESS\\T_2_macro.proc",
  "ProcessId": "a04dcbbb-a34e-4929-b6da-a5a995ffdc74",
  "ProcessVer": "",
  "ProcessArgs": "S26d9b2af7c514b898fa6d7c77318aa0b;;False",
  "RequesterType": 3,
  "RequesterId": "designer",
  "RequesterPID": 14300,
  "OptionsJsonString": null,
  "TimeoutSec": 0,
  "EngineID": "D_20260417_143618_867",
  "EnginePID": 0,
  "EngineRecommededVersion": "",
  "JobWorkDir": "C:\\Users\\3class_007\\Documents\\Brity RPA Projects\\ESS\\Histories\\20260417_143650_T_2_macro_Designer_20260417_143650_277",
  "JobLogDir": "C:\\Users\\3class_007\\Documents\\Brity RPA Projects\\ESS\\Histories\\20260417_143650_T_2_macro_Designer_20260417_143650_277\\Log",
  "JobScreenshotDir": "C:\\Users\\3class_007\\Documents\\Brity RPA Projects\\ESS\\Histories\\20260417_143650_T_2_macro_Designer_20260417_143650_277\\Log\\Screenshot"
}

2026-04-17 14:36:50,804 [T10] DEBUG JobService
Waiting library loading...

2026-04-17 14:36:50,806 [T10] DEBUG Config
Reload User Settings

2026-04-17 14:36:50,810 [T10] INFO  JobService
Config Loading Completed.

2026-04-17 14:36:50,810 [T10] DEBUG JobService
Config Loading Time: 5 ms.

2026-04-17 14:36:50,816 [T10] DEBUG JobService
Check Shared Token

2026-04-17 14:36:50,819 [T10] DEBUG TokenManager
Load connection token

2026-04-17 14:36:50,820 [T10] DEBUG TokenManager
Clear Connection Token - No Shared Token

2026-04-17 14:36:50,844 [T10] DEBUG ServerInformationClient
get server features for engine bot from config.

2026-04-17 14:36:50,846 [T10] INFO  Config
Try to load server features from config.

2026-04-17 14:36:50,848 [T10] DEBUG ServerInformationClient
get server features for engine bot from config.

2026-04-17 14:36:50,849 [T10] INFO  TokenManager
SecurityType in server feature : v2

2026-04-17 14:36:50,850 [T10] INFO  TokenManager
SecurityType : v2

2026-04-17 14:36:50,852 [T10] INFO  JobService
Shared Token - No Token

2026-04-17 14:36:50,857 [T10] INFO  JobManager
Create JobManager instance for job T_2_macro(Designer_20260417_143650_277)

2026-04-17 14:36:50,870 [T11] INFO  JobRequest
Start Callback Sender

2026-04-17 14:36:50,870 [T11] DEBUG JobRequest
Step Callback Interval: 500

2026-04-17 14:36:50,870 [T10] INFO  JobRequest
Job ID : Designer_20260417_143650_277
Project Path  : C:\Users\3class_007\Documents\Brity RPA Projects\ESS\ESS.proj
Process Name  : T_2_macro
Engine Mode   : Designer
Requester Type: Designer
Requester PID : 14300

2026-04-17 14:36:50,915 [T10] DEBUG ProjectManager
Set Project Information

2026-04-17 14:36:50,940 [T10] INFO  PlayOptionManager
PlayOption
- Step Interval : 1
- Disable DrawBounds : False
- Invoke First : False
- Allow Upload of DumpScreen results : False

2026-04-17 14:36:50,942 [T10] INFO  JobRunner
Initialize Script Engine

2026-04-17 14:36:50,959 [T14-ScriptEngine] INFO  JobRequest
##############################################################
### STATE: Initializing
##############################################################


2026-04-17 14:36:50,972 [T11] DEBUG JobRequest
Callback - State: Initializing


2026-04-17 14:36:51,789 [T14-ScriptEngine] INFO  JobRequest
##############################################################
### STATE: Ready
##############################################################


2026-04-17 14:36:51,801 [T10] INFO  JobRunnerHook
HotKey Hook Started

2026-04-17 14:36:51,802 [T10] INFO  JobRequest
##############################################################
### STATE: Starting
##############################################################


2026-04-17 14:36:51,803 [T14-ScriptEngine] INFO  JobRunner
RunProcess start

2026-04-17 14:36:51,804 [T11] DEBUG JobRequest
Callback - State: Ready


2026-04-17 14:36:51,804 [T11] DEBUG JobRequest
Callback - State: Starting


2026-04-17 14:36:51,805 [T14-ScriptEngine] INFO  JobRequest
##############################################################
### STATE: Running
##############################################################


2026-04-17 14:36:51,806 [T14-ScriptEngine] INFO  JobRequest
Last job life cycle state: Running

2026-04-17 14:36:51,820 [T11] DEBUG JobRequest
Callback - State: Running


2026-04-17 14:36:52,778 [T14-ScriptEngine] DEBUG ScreenCapture
DirectX Screen Capture Initialized.

2026-04-17 14:36:52,857 [T14-ScriptEngine] DEBUG JobRunner
DirectX ScreenCapture Checked.

2026-04-17 14:36:52,888 [T14-ScriptEngine] INFO  JobRequest
##############################################################
### STATE: StartProcess - T_2_macro
##############################################################
a04dcbbb-a34e-4929-b6da-a5a995ffdc74
T_2_macro


2026-04-17 14:36:52,953 [T14-ScriptEngine] INFO  JobRequest
**************************************************************
*** TASK: T_2_macro
**************************************************************
 - STEP 1: S26d9b2af7c514b898fa6d7c77318aa0b (8/23) - (1/16)
 - [8] WaitAppear


2026-04-17 14:36:54,234 [T10] DEBUG UIAEventHandler
Start UIA event handler

2026-04-17 14:36:54,447 [T10] DEBUG UIAEventHandler
UI Structure Changed Count: 0

2026-04-17 14:36:54,447 [T10] DEBUG UIAEventHandler
Waiting additional time 95 msec for the screen structure is changing. Requested interval: 200 msec.

2026-04-17 14:36:54,480 [T10] INFO  WinFinder
Finding Object In App... Try: 1, IsLastTry: False. AppCount: 1

2026-04-17 14:36:54,487 [T10] DEBUG WinElementTargetFinder
## Object Find In App (name: 'report (2) - Excel')

2026-04-17 14:36:54,584 [T10] INFO  WinFinder
 . Finding Object by 'RelativePoint Search' (Try: 1) ... 

2026-04-17 14:36:54,716 [T14-ScriptEngine] INFO  WinFinder
Finding Result: Found by 'ObjectPathEx' method. (Total: 1)
 - name: '보안 경고'
 - value: ''

2026-04-17 14:36:54,745 [T14-ScriptEngine] INFO  JobRequest
 - STEP 2: Sc9fb38daaa4f490ba6e4da2abf0a0477 (9/23) - (2/16)
 - [9] IfElse


2026-04-17 14:36:54,761 [T14-ScriptEngine] INFO  JobRequest
 - STEP 3: S5622ccc2298741c5be7146cf120e8321 (10/23) - (3/16)
 - [10] Click


2026-04-17 14:36:54,801 [T10] INFO  WinFinder
Finding Object In App... Try: 1, IsLastTry: False. AppCount: 1

2026-04-17 14:36:54,801 [T10] DEBUG WinElementTargetFinder
## Object Find In App (name: 'report (2) - Excel')

2026-04-17 14:36:54,854 [T10] INFO  WinFinder
 . Finding Object by 'RelativePoint Search' (Try: 1) ... 

2026-04-17 14:36:54,896 [T14-ScriptEngine] INFO  WinFinder
Finding Result: Found by 'ObjectPathEx' method. (Total: 1)
 - name: '콘텐츠 사용'
 - value: ''

2026-04-17 14:36:55,340 [T14-ScriptEngine] INFO  JobRequest
 - STEP 4: S3be24f4a377a496db7a09f8b76927b06 (11/23) - (4/16)
 - [11] WaitAppear


2026-04-17 14:36:56,369 [T10] INFO  WinFinder
Finding Object In App... Try: 1, IsLastTry: False. AppCount: 1

2026-04-17 14:36:56,370 [T10] DEBUG WinElementTargetFinder
## Object Find In App (name: 'report (2) - Excel')

2026-04-17 14:36:56,434 [T10] INFO  WinFinder
 . Finding Object by 'RelativePoint Search' (Try: 1) ... 

2026-04-17 14:36:56,488 [T14-ScriptEngine] INFO  WinFinder
Finding Result: Found by 'ObjectPathEx' method. (Total: 1)
 - name: 'btn_reset'
 - value: ''

2026-04-17 14:36:56,510 [T14-ScriptEngine] INFO  JobRequest
 - STEP 5: S19a26348c19c4a2cb2de0dcdc722d5a6 (12/23) - (5/16)
 - [12] IfThen


2026-04-17 14:36:56,525 [T14-ScriptEngine] INFO  JobRequest
 - STEP 6: S9dec677c65134a1dbae42d9c2aabd663 (13/23) - (6/16)
 - [13] Click


2026-04-17 14:36:56,544 [T10] INFO  WinFinder
Finding Object In App... Try: 1, IsLastTry: False. AppCount: 1

2026-04-17 14:36:56,544 [T10] DEBUG WinElementTargetFinder
## Object Find In App (name: 'report (2) - Excel')

2026-04-17 14:36:56,592 [T10] INFO  WinFinder
 . Finding Object by 'RelativePoint Search' (Try: 1) ... 

2026-04-17 14:36:56,641 [T14-ScriptEngine] INFO  WinFinder
Finding Result: Found by 'ObjectPathEx' method. (Total: 1)
 - name: 'btn_run'
 - value: ''

2026-04-17 14:36:57,047 [T14-ScriptEngine] INFO  JobRequest
 - STEP 7: S5b6a15a9ec944c98b3116b537f7cfdc0 (14/23) - (7/16)
 - [14] WaitAppear


2026-04-17 14:36:58,981 [T10] INFO  WinFinder
Finding Object In App... Try: 1, IsLastTry: False. AppCount: 1

2026-04-17 14:37:00,108 [T10] DEBUG WinElementTargetFinder
## Object Find In App (name: 'report (2) - Excel')

2026-04-17 14:37:00,138 [T10] INFO  WinFinder
 . Finding Object by 'RelativePoint Search' (Try: 1) ... 

2026-04-17 14:37:00,173 [T14-ScriptEngine] INFO  WinFinder
Finding Result: Found by 'ObjectPathEx' method. (Total: 1)
 - name: '확인'
 - value: ''

2026-04-17 14:37:00,188 [T14-ScriptEngine] INFO  JobRequest
 - STEP 8: S8b9d4971b8c743c19493472065920a23 (15/23) - (8/16)
 - [15] End-IfThen


2026-04-17 14:37:00,204 [T14-ScriptEngine] INFO  JobRequest
 - STEP 9: Sb7fec3411e46476780cb670eea4f5598 (16/23) - (9/16)
 - [16] IfThen


2026-04-17 14:37:00,219 [T14-ScriptEngine] INFO  JobRequest
 - STEP 10: S682fbe819da04cedad728d093959d224 (17/23) - (10/16)
 - [17] Click


2026-04-17 14:37:00,240 [T10] INFO  WinFinder
Finding Object In App... Try: 1, IsLastTry: False. AppCount: 1

2026-04-17 14:37:00,240 [T10] DEBUG WinElementTargetFinder
## Object Find In App (name: 'report (2) - Excel')

2026-04-17 14:37:00,272 [T10] INFO  WinFinder
 . Finding Object by 'RelativePoint Search' (Try: 1) ... 

2026-04-17 14:37:00,312 [T14-ScriptEngine] INFO  WinFinder
Finding Result: Found by 'ObjectPathEx' method. (Total: 1)
 - name: '확인'
 - value: ''

2026-04-17 14:37:00,938 [T14-ScriptEngine] INFO  JobRequest
 - STEP 11: Sba60148ab91342aab70bc55dcdef94e3 (18/23) - (11/16)
 - [18] End-IfThen


2026-04-17 14:37:00,954 [T14-ScriptEngine] INFO  JobRequest
 - STEP 12: S7585b873b56b4777ba1e112aa21383d6 (21/23) - (14/16)
 - [21] End-IfElse


2026-04-17 14:37:00,970 [T14-ScriptEngine] INFO  JobRequest
 - STEP 13: Sf64cf8db362b44818c80ab31dee6086b (22/23) - (15/16)
 - [22] SaveExcel


2026-04-17 14:37:01,810 [T14-ScriptEngine] INFO  JobRequest
 - STEP 14: S075b5ca974f64c1db63eaa7f4096d245 (23/23) - (16/16)
 - [23] CloseExcel


2026-04-17 14:37:02,026 [T14-ScriptEngine] DEBUG ExcelBase
DisposeExcel

2026-04-17 14:37:03,727 [T14-ScriptEngine] INFO  JobRunner
[PASS] TASK: T_2_macro

2026-04-17 14:37:03,732 [T14-ScriptEngine] INFO  JobRequest
##############################################################
### STATE: EndProcess - T_2_macro
##############################################################
a04dcbbb-a34e-4929-b6da-a5a995ffdc74
T_2_macro


2026-04-17 14:37:03,746 [T14-ScriptEngine] INFO  JobRunner
RunProcess - Job Result: {}

2026-04-17 14:37:03,747 [T14-ScriptEngine] DEBUG JobManager
Set Result State: Completed

2026-04-17 14:37:03,751 [T14-ScriptEngine] INFO  JobRunner
Make report.

2026-04-17 14:37:03,796 [T14-ScriptEngine] INFO  JobRunner
Start to clean up resources.

2026-04-17 14:37:03,797 [T13] DEBUG JobRunner
Start timer for checking the job to be completed.

2026-04-17 14:37:03,797 [T14-ScriptEngine] DEBUG JobRunner
OnProcessCompleted

2026-04-17 14:37:03,798 [T14-ScriptEngine] INFO  JobRunner
Start to clean up resources.

2026-04-17 14:37:03,800 [T14-ScriptEngine] DEBUG JobRunner
Remove all libraries

2026-04-17 14:37:03,808 [T14-ScriptEngine] DEBUG NetPlayer
WebPlayer OnDispose

2026-04-17 14:37:03,810 [T14-ScriptEngine] DEBUG WebPlayer
WebPlayer OnDispose : Do Nothing

2026-04-17 14:37:03,811 [T14-ScriptEngine] DEBUG UIAEventHandler
Stop UIA event handler

2026-04-17 14:37:03,812 [T14-ScriptEngine] DEBUG UIAEventHandler
Stop UIA event handler

2026-04-17 14:37:05,877 [T14-ScriptEngine] DEBUG UiaAppHelper
WinHelper DisposeAppList Count: 0

2026-04-17 14:37:05,878 [T14-ScriptEngine] INFO  JobRunner
All Resources Clear

2026-04-17 14:37:05,880 [T14-ScriptEngine] DEBUG JobRunner
OnCompleted

2026-04-17 14:37:05,881 [T14-ScriptEngine] DEBUG JobRunner
SendJobResult: Completed

2026-04-17 14:37:05,881 [T14-ScriptEngine] INFO  JobRequest
##############################################################
### STATE: Completed
##############################################################
{}


2026-04-17 14:37:05,881 [T14-ScriptEngine] INFO  JobRequest
Last job life cycle state: Completed

2026-04-17 14:37:05,883 [T14-ScriptEngine] DEBUG JobDBManager
Set last life-cycle state: Completed - {}

2026-04-17 14:37:05,907 [T11] DEBUG JobRequest
Callback - State: Completed
{}

2026-04-17 14:37:05,911 [T14-ScriptEngine] INFO  JobRequest
##############################################################
### JOB COMPLETED
##############################################################


2026-04-17 14:37:05,924 [T11] INFO  JobRequest
Callback - EngineClosed

2026-04-17 14:37:05,924 [T11] INFO  JobService
Disconnect agent service

2026-04-17 14:37:05,926 [T11] DEBUG JobRequest
End of Callback Sender

