2026-04-17 12:49:21,871 [T1] INFO  EngineStarter
BOT Engine Start - v3.1.126.00128 at 2026-04-17 오후 12:49:21
EngineID: D_20260417_124921_173
PID : 9188
PPID: 12176
Working Directory: C:\Users\3class_007\AppData\Roaming\Brity RPA Designer

2026-04-17 12:49:21,888 [T1] INFO  EngineStarter
System Language: ko-KR
Resolution: 1920 x 1200

2026-04-17 12:49:22,107 [T1] INFO  Config
Initialize Config

2026-04-17 12:49:22,166 [T1] DEBUG Config
Config Loaded

2026-04-17 12:49:22,167 [T1] DEBUG Config
Backup config file.

2026-04-17 12:49:22,180 [T1] INFO  Config
Orchestrator Service => https://bwrpa.samsungsds.com:8777

2026-04-17 12:49:22,181 [T1] INFO  Config
Initialize Resource Config

2026-04-17 12:49:22,214 [T1] DEBUG Config
Refresh Language Information

2026-04-17 12:49:22,288 [T1] INFO  Config
All Config Initialized.

2026-04-17 12:49:22,293 [T1] DEBUG KeyManager
Initialize KeyManager

2026-04-17 12:49:22,296 [T1] DEBUG KeyManager
Load device unique id.

2026-04-17 12:49:22,303 [T1] DEBUG KeyManager
Device ID is initialized. (Type: 7)

2026-04-17 12:49:22,307 [T1] INFO  Config
Activated License Type : StandAloneDesigner

2026-04-17 12:49:22,378 [T5] DEBUG JobService
Connect to agent service

2026-04-17 12:49:22,403 [T5] DEBUG JobService
JobService URL : net.tcp://127.0.0.1:59001/rpa/agent

2026-04-17 12:49:22,405 [T5] DEBUG JobService
Open connection

2026-04-17 12:49:22,407 [T1] DEBUG ApplicationInitializer
InitMode: Thread

2026-04-17 12:49:22,419 [T1] INFO  LibraryManager
Load Libraries - Started

2026-04-17 12:49:22,420 [T5] DEBUG JobService
Register engine to agent

2026-04-17 12:49:22,430 [T1] DEBUG AddInLoader
Load Assembly : IPA.Lib.Chrome

2026-04-17 12:49:22,431 [T5] DEBUG JobService
Engine is connected to agent service.

2026-04-17 12:49:22,431 [T5] DEBUG JobService
Owner Process PID: 12176

2026-04-17 12:49:22,435 [T5] INFO  JobService
Start monitoring owner process is terminated.

2026-04-17 12:49:22,635 [T1] DEBUG AddInLoader
Load Assembly : IPA.Lib.Desktop

2026-04-17 12:49:22,788 [T1] DEBUG AddInLoader
Load Assembly : IPA.Lib.Excel

2026-04-17 12:49:22,923 [T1] DEBUG AddInLoader
Load Assembly : IPA.Lib.Flow

2026-04-17 12:49:23,026 [T1] DEBUG AddInLoader
Load Assembly : IPA.Lib.IE

2026-04-17 12:49:23,107 [T1] DEBUG AddInLoader
Load Assembly : IPA.Lib.ImageConverter

2026-04-17 12:49:23,163 [T1] DEBUG AddInLoader
Load Assembly : IPA.Lib.ImageRecognition

2026-04-17 12:49:23,330 [T1] DEBUG AddInLoader
Load Assembly : IPA.Lib.MicrosoftOCR

2026-04-17 12:49:23,382 [T1] DEBUG AddInLoader
Load Assembly : IPA.Lib.Net

2026-04-17 12:49:23,458 [T1] DEBUG AddInLoader
Load Assembly : IPA.Lib.Orchestra

2026-04-17 12:49:23,533 [T1] DEBUG AddInLoader
Load Assembly : IPA.Lib.ProcessFlow

2026-04-17 12:49:23,628 [T1] DEBUG AddInLoader
Load Assembly : IPA.Lib.SAP

2026-04-17 12:49:23,713 [T1] DEBUG AddInLoader
Load Assembly : IPA.Lib.Web

2026-04-17 12:49:23,823 [T1] DEBUG AddInLoader
Load Assembly : IPA.Lib.Win

2026-04-17 12:49:24,115 [T1] INFO  ScreenCapture
Default Screen Capture Bounds: 0,0,1920,1200

2026-04-17 12:49:24,172 [T1] DEBUG AddInLoader
Load Assembly : BrityRPA.AddIn.NativeApp

2026-04-17 12:49:24,296 [T1] DEBUG AddInLoader
Load Assembly : BrityWorks.AddIn.Outlook

2026-04-17 12:49:24,365 [T1] DEBUG AddInLoader
Load Assembly : BrityWorks.AddIn.Pdf

2026-04-17 12:49:24,452 [T1] DEBUG LibraryManager
Load Library - Chrome

2026-04-17 12:49:24,468 [T1] DEBUG LibraryManager
Load Library - Desktop

2026-04-17 12:49:24,484 [T1] DEBUG LibraryManager
Load Library - Excel

2026-04-17 12:49:24,500 [T1] DEBUG LibraryManager
Load Library - Flow

2026-04-17 12:49:24,516 [T1] DEBUG LibraryManager
Load Library - IE

2026-04-17 12:49:24,531 [T1] DEBUG LibraryManager
Load Library - ImageConverter

2026-04-17 12:49:24,547 [T1] DEBUG LibraryManager
Load Library - ImageRecognition

2026-04-17 12:49:24,562 [T1] DEBUG LibraryManager
Load Library - MicrosoftOCR

2026-04-17 12:49:24,578 [T1] DEBUG LibraryManager
Load Library - NativeApp

2026-04-17 12:49:24,594 [T1] DEBUG LibraryManager
Load Library - Net

2026-04-17 12:49:24,609 [T1] DEBUG LibraryManager
Load Library - Orchestra

2026-04-17 12:49:24,624 [T1] DEBUG LibraryManager
Load Library - Outlook

2026-04-17 12:49:24,640 [T1] DEBUG LibraryManager
Load Library - Pdf

2026-04-17 12:49:24,656 [T1] DEBUG LibraryManager
Load Library - SAP

2026-04-17 12:49:24,672 [T1] DEBUG LibraryManager
Load Library - Web

2026-04-17 12:49:24,687 [T1] DEBUG LibraryManager
Load Library - Win

2026-04-17 12:49:24,703 [T1] DEBUG LibraryManager
Load Library - WorkFlow

2026-04-17 12:49:24,707 [T1] DEBUG LibraryManager
Load built-in script libraries

2026-04-17 12:49:24,942 [T1] INFO  LibraryManager
Load Libraries - Completed.

2026-04-17 12:49:24,951 [T1] INFO  App
Launch Arguments: Total: 6 |  -eid D_20260417_124921_173 -runtype ProcRunner -ppid 12176

2026-04-17 12:49:24,952 [T1] DEBUG Config
Refresh Language Information

2026-04-17 12:49:24,952 [T1] DEBUG LibraryManager
LibraryManager Initialized.

2026-04-17 13:36:49,458 [T7] INFO  JobService
Start Job: T_2_macro (Foreground)
{
  "JobType": 1,
  "State": 0,
  "IsRunning": false,
  "ResultMessage": null,
  "StartTime": "2026-04-17 13:36:49",
  "EndTime": null,
  "JobId": "Designer_20260417_133649_107",
  "UserAuthentication": null,
  "ProcessPath": "C:\\Users\\3class_007\\Documents\\Brity RPA Projects\\ESS\\T_2_macro.proc",
  "ProcessId": "a04dcbbb-a34e-4929-b6da-a5a995ffdc74",
  "ProcessVer": "",
  "ProcessArgs": "S1684f8361913481d869ef775e78ae6bf;;False",
  "RequesterType": 3,
  "RequesterId": "designer",
  "RequesterPID": 12176,
  "OptionsJsonString": null,
  "TimeoutSec": 0,
  "EngineID": "D_20260417_124921_173",
  "EnginePID": 0,
  "EngineRecommededVersion": "",
  "JobWorkDir": "C:\\Users\\3class_007\\Documents\\Brity RPA Projects\\ESS\\Histories\\20260417_133649_T_2_macro_Designer_20260417_133649_107",
  "JobLogDir": "C:\\Users\\3class_007\\Documents\\Brity RPA Projects\\ESS\\Histories\\20260417_133649_T_2_macro_Designer_20260417_133649_107\\Log",
  "JobScreenshotDir": "C:\\Users\\3class_007\\Documents\\Brity RPA Projects\\ESS\\Histories\\20260417_133649_T_2_macro_Designer_20260417_133649_107\\Log\\Screenshot"
}

2026-04-17 13:36:49,585 [T10] DEBUG JobService
Waiting library loading...

2026-04-17 13:36:49,589 [T10] DEBUG Config
Reload User Settings

2026-04-17 13:36:49,597 [T10] INFO  JobService
Config Loading Completed.

2026-04-17 13:36:49,597 [T10] DEBUG JobService
Config Loading Time: 11 ms.

2026-04-17 13:36:49,603 [T10] DEBUG JobService
Check Shared Token

2026-04-17 13:36:49,607 [T10] DEBUG TokenManager
Load connection token

2026-04-17 13:36:49,608 [T10] DEBUG TokenManager
Clear Connection Token - No Shared Token

2026-04-17 13:36:49,616 [T10] DEBUG ServerInformationClient
get server features for engine bot from config.

2026-04-17 13:36:49,622 [T10] INFO  Config
Try to load server features from config.

2026-04-17 13:36:49,668 [T10] DEBUG ServerInformationClient
get server features for engine bot from config.

2026-04-17 13:36:49,670 [T10] INFO  TokenManager
SecurityType in server feature : v2

2026-04-17 13:36:49,670 [T10] INFO  TokenManager
SecurityType : v2

2026-04-17 13:36:49,674 [T10] INFO  JobService
Shared Token - No Token

2026-04-17 13:36:49,682 [T10] INFO  JobManager
Create JobManager instance for job T_2_macro(Designer_20260417_133649_107)

2026-04-17 13:36:49,694 [T10] INFO  JobRequest
Job ID : Designer_20260417_133649_107
Project Path  : C:\Users\3class_007\Documents\Brity RPA Projects\ESS\ESS.proj
Process Name  : T_2_macro
Engine Mode   : Designer
Requester Type: Designer
Requester PID : 12176

2026-04-17 13:36:49,731 [T13] INFO  JobRequest
Start Callback Sender

2026-04-17 13:36:49,731 [T13] DEBUG JobRequest
Step Callback Interval: 500

2026-04-17 13:36:49,772 [T10] DEBUG ProjectManager
Set Project Information

2026-04-17 13:36:49,824 [T10] INFO  PlayOptionManager
PlayOption
- Step Interval : 1
- Disable DrawBounds : False
- Invoke First : False
- Allow Upload of DumpScreen results : False

2026-04-17 13:36:49,826 [T10] INFO  JobRunner
Initialize Script Engine

2026-04-17 13:36:49,893 [T14-ScriptEngine] INFO  JobRequest
##############################################################
### STATE: Initializing
##############################################################


2026-04-17 13:36:49,937 [T13] DEBUG JobRequest
Callback - State: Initializing


2026-04-17 13:36:50,841 [T14-ScriptEngine] INFO  JobRequest
##############################################################
### STATE: Ready
##############################################################


2026-04-17 13:36:50,852 [T10] INFO  JobRunnerHook
HotKey Hook Started

2026-04-17 13:36:50,852 [T10] INFO  JobRequest
##############################################################
### STATE: Starting
##############################################################


2026-04-17 13:36:50,854 [T14-ScriptEngine] INFO  JobRunner
RunProcess start

2026-04-17 13:36:50,856 [T14-ScriptEngine] INFO  JobRequest
##############################################################
### STATE: Running
##############################################################


2026-04-17 13:36:50,856 [T14-ScriptEngine] INFO  JobRequest
Last job life cycle state: Running

2026-04-17 13:36:50,857 [T13] DEBUG JobRequest
Callback - State: Ready


2026-04-17 13:36:50,857 [T13] DEBUG JobRequest
Callback - State: Starting


2026-04-17 13:36:50,873 [T13] DEBUG JobRequest
Callback - State: Running


2026-04-17 13:36:51,804 [T14-ScriptEngine] DEBUG ScreenCapture
DirectX Screen Capture Initialized.

2026-04-17 13:36:51,868 [T14-ScriptEngine] DEBUG JobRunner
DirectX ScreenCapture Checked.

2026-04-17 13:36:51,897 [T14-ScriptEngine] INFO  JobRequest
##############################################################
### STATE: StartProcess - T_2_macro
##############################################################
a04dcbbb-a34e-4929-b6da-a5a995ffdc74
T_2_macro


2026-04-17 13:36:51,945 [T14-ScriptEngine] INFO  JobRequest
**************************************************************
*** TASK: T_2_macro
**************************************************************
 - STEP 1: S1684f8361913481d869ef775e78ae6bf (1/22) - (1/22)
 - [1] ExecuteCmd


2026-04-17 13:36:52,332 [T14-ScriptEngine] INFO  JobRequest
 - STEP 2: Saaa675c2aeac403d861f73a25c98d26d (2/22) - (2/22)
 - [2] OpenExcel


2026-04-17 13:36:52,367 [T14-ScriptEngine] ERROR OpenExcel
지정된 경로에 열수 있는 파일이 없습니다. 경로를 확인 해주십시요.
=> Path: 

2026-04-17 13:36:52,368 [T14-ScriptEngine] ERROR OpenExcel
지정된 경로에 열수 있는 파일이 없습니다. 경로를 확인 해주십시요.
=> Path: 

2026-04-17 13:36:52,369 [T14-ScriptEngine] DEBUG ExcelBase
DisposeExcel

2026-04-17 13:36:55,933 [T14-ScriptEngine] WARN  ScriptSupport
[CATCH_STEP_EXCEPTION] Process: T_2_macro
Step: OpenExcel (2/22)

Error: 지정된 경로에 열수 있는 파일이 없습니다. 경로를 확인 해주십시요.
=> Path: 

2026-04-17 13:36:55,947 [T14-ScriptEngine] FINE  JobRunner
RunTask ExceptionOccured. TASK: T_2_macro => 지정된 경로에 열수 있는 파일이 없습니다. 경로를 확인 해주십시요.
=> Path: 

2026-04-17 13:36:55,963 [T14-ScriptEngine] INFO  JobRequest
##############################################################
### STATE: EndProcess - T_2_macro
##############################################################
a04dcbbb-a34e-4929-b6da-a5a995ffdc74
T_2_macro


2026-04-17 13:36:55,976 [T14-ScriptEngine] ERROR JobRunner
Process: T_2_macro
Step: OpenExcel (2/22)

지정된 경로에 열수 있는 파일이 없습니다. 경로를 확인 해주십시요.
=> Path: 

[CallStack]
  - T_2_macro: [2] OpenExcel

[Global Variables]
  - RESULT = <null> (Any)

[T_2_macro Variables]
  - latest_report_path = '' (String)
  - reportgood = <undefined> (Undefined)
  - mcr_reset = <undefined> (Undefined)
  - mcr_security = <undefined> (Undefined)
  - officeoff = <undefined> (Undefined)

2026-04-17 13:36:55,991 [T14-ScriptEngine] DEBUG JobManager
Set Result State: ExceptionOccured

2026-04-17 13:36:57,044 [T14-ScriptEngine] INFO  JobRunner
Make report.

2026-04-17 13:36:57,120 [T14-ScriptEngine] INFO  JobRunner
Start to clean up resources.

2026-04-17 13:36:57,121 [T11] DEBUG JobRunner
Start timer for checking the job to be completed.

2026-04-17 13:36:57,123 [T14-ScriptEngine] DEBUG JobRunner
OnProcessFailed

2026-04-17 13:36:57,124 [T14-ScriptEngine] INFO  JobRunner
Start to clean up resources.

2026-04-17 13:36:57,126 [T14-ScriptEngine] DEBUG JobRunner
Remove all libraries

2026-04-17 13:36:57,194 [T14-ScriptEngine] DEBUG NetPlayer
WebPlayer OnDispose

2026-04-17 13:36:57,196 [T14-ScriptEngine] DEBUG WebPlayer
WebPlayer OnDispose : Do Nothing

2026-04-17 13:36:57,204 [T14-ScriptEngine] DEBUG UiaAppHelper
WinHelper DisposeAppList Count: 0

2026-04-17 13:36:57,205 [T14-ScriptEngine] INFO  JobRunner
All Resources Clear

2026-04-17 13:36:57,208 [T14-ScriptEngine] DEBUG JobRunner
OnCompleted

2026-04-17 13:36:57,209 [T14-ScriptEngine] DEBUG JobRunner
SendJobResult: ExceptionOccured

2026-04-17 13:36:57,209 [T14-ScriptEngine] INFO  JobRequest
##############################################################
### STATE: ExceptionOccured
##############################################################
Process: T_2_macro
Step: OpenExcel (2/22)

지정된 경로에 열수 있는 파일이 없습니다. 경로를 확인 해주십시요.
=> Path: 

[CallStack]
  - T_2_macro: [2] OpenExcel

[Global Variables]
  - RESULT = <null> (Any)

[T_2_macro Variables]
  - latest_report_path = '' (String)
  - reportgood = <undefined> (Undefined)
  - mcr_reset = <undefined> (Undefined)
  - mcr_security = <undefined> (Undefined)
  - officeoff = <undefined> (Undefined)


2026-04-17 13:36:57,209 [T14-ScriptEngine] INFO  JobRequest
Last job life cycle state: ExceptionOccured

2026-04-17 13:36:57,213 [T14-ScriptEngine] DEBUG JobDBManager
Set last life-cycle state: ExceptionOccured - Process: T_2_macro
Step: OpenExcel (2/22)

지정된 경로에 열수 있는 파일이 없습니다. 경로를 확인 해주십시요.
=> Path: 

[CallStack]
  - T_2_macro: [2] OpenExcel

[Global Variables]
  - RESULT = <null> (Any)

[T_2_macro Variables]
  - latest_report_path = '' (String)
  - reportgood = <undefined> (Undefined)
  - mcr_reset = <undefined> (Undefined)
  - mcr_security = <undefined> (Undefined)
  - officeoff = <undefined> (Undefined)

2026-04-17 13:36:57,234 [T13] DEBUG JobRequest
Callback - State: ExceptionOccured
Process: T_2_macro
Step: OpenExcel (2/22)

지정된 경로에 열수 있는 파일이 없습니다. 경로를 확인 해주십시요.
=> Path: 

[CallStack]
  - T_2_macro: [2] OpenExcel

[Global Variables]
  - RESULT = <null> (Any)

[T_2_macro Variables]
  - latest_report_path = '' (String)
  - reportgood = <undefined> (Undefined)
  - mcr_reset = <undefined> (Undefined)
  - mcr_security = <undefined> (Undefined)
  - officeoff = <undefined> (Undefined)

2026-04-17 13:36:57,236 [T14-ScriptEngine] INFO  JobRequest
##############################################################
### JOB COMPLETED
##############################################################


2026-04-17 13:36:57,252 [T13] INFO  JobRequest
Callback - EngineClosed

2026-04-17 13:36:57,252 [T13] INFO  JobService
Disconnect agent service

2026-04-17 13:36:57,256 [T13] DEBUG JobRequest
End of Callback Sender

