2026-04-17 14:29:36,781 [T1] INFO  EngineStarter
BOT Engine Start - v3.1.126.00128 at 2026-04-17 오후 2:29:36
EngineID: D_20260417_142936_053
PID : 5048
PPID: 14300
Working Directory: C:\Users\3class_007\AppData\Roaming\Brity RPA Designer

2026-04-17 14:29:36,797 [T1] INFO  EngineStarter
System Language: ko-KR
Resolution: 1920 x 1200

2026-04-17 14:29:37,026 [T1] INFO  Config
Initialize Config

2026-04-17 14:29:37,069 [T1] DEBUG Config
Config Loaded

2026-04-17 14:29:37,070 [T1] DEBUG Config
Backup config file.

2026-04-17 14:29:37,082 [T1] INFO  Config
Orchestrator Service => https://bwrpa.samsungsds.com:8777

2026-04-17 14:29:37,083 [T1] INFO  Config
Initialize Resource Config

2026-04-17 14:29:37,111 [T1] DEBUG Config
Refresh Language Information

2026-04-17 14:29:37,183 [T1] INFO  Config
All Config Initialized.

2026-04-17 14:29:37,188 [T1] DEBUG KeyManager
Initialize KeyManager

2026-04-17 14:29:37,191 [T1] DEBUG KeyManager
Load device unique id.

2026-04-17 14:29:37,197 [T1] DEBUG KeyManager
Device ID is initialized. (Type: 7)

2026-04-17 14:29:37,202 [T1] INFO  Config
Activated License Type : StandAloneDesigner

2026-04-17 14:29:37,285 [T4] DEBUG JobService
Connect to agent service

2026-04-17 14:29:37,309 [T4] DEBUG JobService
JobService URL : net.tcp://127.0.0.1:59001/rpa/agent

2026-04-17 14:29:37,310 [T4] DEBUG JobService
Open connection

2026-04-17 14:29:37,314 [T1] DEBUG ApplicationInitializer
InitMode: Thread

2026-04-17 14:29:37,325 [T4] DEBUG JobService
Register engine to agent

2026-04-17 14:29:37,326 [T1] INFO  LibraryManager
Load Libraries - Started

2026-04-17 14:29:37,337 [T4] DEBUG JobService
Engine is connected to agent service.

2026-04-17 14:29:37,337 [T4] DEBUG JobService
Owner Process PID: 14300

2026-04-17 14:29:37,338 [T1] DEBUG AddInLoader
Load Assembly : IPA.Lib.Chrome

2026-04-17 14:29:37,340 [T4] INFO  JobService
Start monitoring owner process is terminated.

2026-04-17 14:29:37,558 [T1] DEBUG AddInLoader
Load Assembly : IPA.Lib.Desktop

2026-04-17 14:29:37,730 [T1] DEBUG AddInLoader
Load Assembly : IPA.Lib.Excel

2026-04-17 14:29:37,888 [T1] DEBUG AddInLoader
Load Assembly : IPA.Lib.Flow

2026-04-17 14:29:37,993 [T1] DEBUG AddInLoader
Load Assembly : IPA.Lib.IE

2026-04-17 14:29:38,084 [T1] DEBUG AddInLoader
Load Assembly : IPA.Lib.ImageConverter

2026-04-17 14:29:38,139 [T1] DEBUG AddInLoader
Load Assembly : IPA.Lib.ImageRecognition

2026-04-17 14:29:38,365 [T1] DEBUG AddInLoader
Load Assembly : IPA.Lib.MicrosoftOCR

2026-04-17 14:29:38,430 [T1] DEBUG AddInLoader
Load Assembly : IPA.Lib.Net

2026-04-17 14:29:38,537 [T1] DEBUG AddInLoader
Load Assembly : IPA.Lib.Orchestra

2026-04-17 14:29:38,638 [T1] DEBUG AddInLoader
Load Assembly : IPA.Lib.ProcessFlow

2026-04-17 14:29:38,728 [T1] DEBUG AddInLoader
Load Assembly : IPA.Lib.SAP

2026-04-17 14:29:38,815 [T1] DEBUG AddInLoader
Load Assembly : IPA.Lib.Web

2026-04-17 14:29:38,916 [T1] DEBUG AddInLoader
Load Assembly : IPA.Lib.Win

2026-04-17 14:29:39,041 [T1] INFO  ScreenCapture
Default Screen Capture Bounds: 0,0,1920,1200

2026-04-17 14:29:39,070 [T1] DEBUG AddInLoader
Load Assembly : BrityRPA.AddIn.NativeApp

2026-04-17 14:29:39,172 [T1] DEBUG AddInLoader
Load Assembly : BrityWorks.AddIn.Outlook

2026-04-17 14:29:39,234 [T1] DEBUG AddInLoader
Load Assembly : BrityWorks.AddIn.Pdf

2026-04-17 14:29:39,330 [T1] DEBUG LibraryManager
Load Library - Chrome

2026-04-17 14:29:39,346 [T1] DEBUG LibraryManager
Load Library - Desktop

2026-04-17 14:29:39,362 [T1] DEBUG LibraryManager
Load Library - Excel

2026-04-17 14:29:39,378 [T1] DEBUG LibraryManager
Load Library - Flow

2026-04-17 14:29:39,394 [T1] DEBUG LibraryManager
Load Library - IE

2026-04-17 14:29:39,410 [T1] DEBUG LibraryManager
Load Library - ImageConverter

2026-04-17 14:29:39,425 [T1] DEBUG LibraryManager
Load Library - ImageRecognition

2026-04-17 14:29:39,440 [T1] DEBUG LibraryManager
Load Library - MicrosoftOCR

2026-04-17 14:29:39,456 [T1] DEBUG LibraryManager
Load Library - NativeApp

2026-04-17 14:29:39,471 [T1] DEBUG LibraryManager
Load Library - Net

2026-04-17 14:29:39,487 [T1] DEBUG LibraryManager
Load Library - Orchestra

2026-04-17 14:29:39,503 [T1] DEBUG LibraryManager
Load Library - Outlook

2026-04-17 14:29:39,519 [T1] DEBUG LibraryManager
Load Library - Pdf

2026-04-17 14:29:39,534 [T1] DEBUG LibraryManager
Load Library - SAP

2026-04-17 14:29:39,550 [T1] DEBUG LibraryManager
Load Library - Web

2026-04-17 14:29:39,565 [T1] DEBUG LibraryManager
Load Library - Win

2026-04-17 14:29:39,580 [T1] DEBUG LibraryManager
Load Library - WorkFlow

2026-04-17 14:29:39,584 [T1] DEBUG LibraryManager
Load built-in script libraries

2026-04-17 14:29:39,860 [T1] INFO  LibraryManager
Load Libraries - Completed.

2026-04-17 14:29:39,872 [T1] INFO  App
Launch Arguments: Total: 6 |  -eid D_20260417_142936_053 -runtype ProcRunner -ppid 14300

2026-04-17 14:29:39,872 [T1] DEBUG Config
Refresh Language Information

2026-04-17 14:29:39,873 [T1] DEBUG LibraryManager
LibraryManager Initialized.

2026-04-17 14:32:19,897 [T8] INFO  JobService
Start Job: P_ESS (Foreground)
{
  "JobType": 1,
  "State": 0,
  "IsRunning": false,
  "ResultMessage": null,
  "StartTime": "2026-04-17 14:32:19",
  "EndTime": null,
  "JobId": "Designer_20260417_143219_025",
  "UserAuthentication": null,
  "ProcessPath": "C:\\Users\\3class_007\\Documents\\Brity RPA Projects\\ESS\\P_ESS.proc",
  "ProcessId": "ff74b226-9194-47e8-a2bb-06592cc20f4a",
  "ProcessVer": "",
  "ProcessArgs": null,
  "RequesterType": 3,
  "RequesterId": "designer",
  "RequesterPID": 14300,
  "OptionsJsonString": null,
  "TimeoutSec": 0,
  "EngineID": "D_20260417_142936_053",
  "EnginePID": 0,
  "EngineRecommededVersion": "",
  "JobWorkDir": "C:\\Users\\3class_007\\Documents\\Brity RPA Projects\\ESS\\Histories\\20260417_143219_P_ESS_Designer_20260417_143219_025",
  "JobLogDir": "C:\\Users\\3class_007\\Documents\\Brity RPA Projects\\ESS\\Histories\\20260417_143219_P_ESS_Designer_20260417_143219_025\\Log",
  "JobScreenshotDir": "C:\\Users\\3class_007\\Documents\\Brity RPA Projects\\ESS\\Histories\\20260417_143219_P_ESS_Designer_20260417_143219_025\\Log\\Screenshot"
}

2026-04-17 14:32:20,034 [T9] DEBUG JobService
Waiting library loading...

2026-04-17 14:32:20,036 [T9] DEBUG Config
Reload User Settings

2026-04-17 14:32:20,038 [T9] INFO  Config
UserSettings Reloaded =>
 - LastExecution : w7nRz93qn+7MSg/e+EOhWKuwvtw9k+XHD2/dbHM0KOQ= -> wWEBpAGhxaBinOXztzTXCO9E0WLJOaTTKBC8tmd3/r8=

2026-04-17 14:32:20,038 [T9] INFO  JobService
Config Loading Completed.

2026-04-17 14:32:20,038 [T9] DEBUG JobService
Config Loading Time: 3 ms.

2026-04-17 14:32:20,044 [T9] DEBUG JobService
Check Shared Token

2026-04-17 14:32:20,047 [T9] DEBUG TokenManager
Load connection token

2026-04-17 14:32:20,050 [T9] DEBUG TokenManager
Clear Connection Token - No Shared Token

2026-04-17 14:32:20,066 [T9] DEBUG ServerInformationClient
get server features for engine bot from config.

2026-04-17 14:32:20,067 [T9] INFO  Config
Try to load server features from config.

2026-04-17 14:32:20,070 [T9] DEBUG ServerInformationClient
get server features for engine bot from config.

2026-04-17 14:32:20,071 [T9] INFO  TokenManager
SecurityType in server feature : v2

2026-04-17 14:32:20,071 [T9] INFO  TokenManager
SecurityType : v2

2026-04-17 14:32:20,078 [T9] INFO  JobService
Shared Token - No Token

2026-04-17 14:32:20,086 [T9] INFO  JobManager
Create JobManager instance for job P_ESS(Designer_20260417_143219_025)

2026-04-17 14:32:20,107 [T10] INFO  JobRequest
Start Callback Sender

2026-04-17 14:32:20,107 [T10] DEBUG JobRequest
Step Callback Interval: 500

2026-04-17 14:32:20,114 [T9] INFO  JobRequest
Job ID : Designer_20260417_143219_025
Project Path  : C:\Users\3class_007\Documents\Brity RPA Projects\ESS\ESS.proj
Process Name  : P_ESS
Engine Mode   : Designer
Requester Type: Designer
Requester PID : 14300

2026-04-17 14:32:20,225 [T9] DEBUG ProjectManager
Set Project Information

2026-04-17 14:32:20,283 [T9] INFO  PlayOptionManager
PlayOption
- Step Interval : 1
- Disable DrawBounds : False
- Invoke First : False
- Allow Upload of DumpScreen results : False

2026-04-17 14:32:20,285 [T9] INFO  JobRunner
Initialize Script Engine

2026-04-17 14:32:20,343 [T13-ScriptEngine] INFO  JobRequest
##############################################################
### STATE: Initializing
##############################################################


2026-04-17 14:32:20,413 [T10] DEBUG JobRequest
Callback - State: Initializing


2026-04-17 14:32:21,478 [T13-ScriptEngine] INFO  JobRequest
##############################################################
### STATE: Ready
##############################################################


2026-04-17 14:32:21,489 [T10] DEBUG JobRequest
Callback - State: Ready


2026-04-17 14:32:21,491 [T9] INFO  JobRunnerHook
HotKey Hook Started

2026-04-17 14:32:21,492 [T9] INFO  JobRequest
##############################################################
### STATE: Starting
##############################################################


2026-04-17 14:32:21,494 [T13-ScriptEngine] INFO  JobRunner
RunProcess start

2026-04-17 14:32:21,496 [T13-ScriptEngine] INFO  JobRequest
##############################################################
### STATE: Running
##############################################################


2026-04-17 14:32:21,496 [T13-ScriptEngine] INFO  JobRequest
Last job life cycle state: Running

2026-04-17 14:32:21,505 [T10] DEBUG JobRequest
Callback - State: Starting


2026-04-17 14:32:21,505 [T10] DEBUG JobRequest
Callback - State: Running


2026-04-17 14:32:22,467 [T13-ScriptEngine] DEBUG ScreenCapture
DirectX Screen Capture Initialized.

2026-04-17 14:32:22,531 [T13-ScriptEngine] DEBUG JobRunner
DirectX ScreenCapture Checked.

2026-04-17 14:32:22,555 [T13-ScriptEngine] INFO  JobRequest
##############################################################
### STATE: StartProcess - P_ESS
##############################################################
ff74b226-9194-47e8-a2bb-06592cc20f4a
P_ESS


2026-04-17 14:32:22,609 [T13-ScriptEngine] INFO  JobRequest
**************************************************************
*** TASK: P_ESS
**************************************************************
 - STEP 1: S6f1eb665414240a4ba9bb81ebdc82df3 (1/2) - (1/42)
 - [1] RunTask


2026-04-17 14:32:22,705 [T13-ScriptEngine] INFO  JobRequest
##############################################################
### STATE: StartTask - T_1_ERP분석
##############################################################
1badd194-2111-4277-98f2-9734fbed1351
T_1_ERP분석


2026-04-17 14:32:22,725 [T13-ScriptEngine] INFO  JobRequest
**************************************************************
*** TASK: T_1_ERP분석
**************************************************************
 - STEP 2: S43f2ae63ed7d4449b07d72055a5c5c29 (1/17) - (2/42)
 - [1] InputBox


2026-04-17 14:32:26,194 [T13-ScriptEngine] INFO  JobRequest
 - STEP 3: S482787b8f7ae468287bb1edfaee1af48 (2/17) - (3/42)
 - [2] InputBox


2026-04-17 14:32:27,688 [T13-ScriptEngine] INFO  JobRequest
 - STEP 4: Se302109d2a6040bfb826b931ae68c58c (3/17) - (4/42)
 - [3] ChromeOpen


2026-04-17 14:32:30,826 [T12] DEBUG ChromeRemoteConnect
GetRemoteBrowserUsingEndPoint Fail : 하나 이상의 오류가 발생했습니다.

2026-04-17 14:32:34,897 [T13-ScriptEngine] INFO  JobRequest
 - STEP 5: S9d9e752e39864fa383fa25a44a3f24b9 (4/17) - (5/42)
 - [4] TextInput


2026-04-17 14:32:35,056 [T11] DEBUG UIAEventHandler
Start UIA event handler

2026-04-17 14:32:35,257 [T11] DEBUG UIAEventHandler
UI Structure Changed Count: 0

2026-04-17 14:32:35,257 [T11] DEBUG UIAEventHandler
Waiting additional time 137 msec for the screen structure is changing. Requested interval: 200 msec.

2026-04-17 14:32:35,289 [T11] INFO  WinFinder
Finding Object In App... Try: 1, IsLastTry: False. AppCount: 2

2026-04-17 14:32:35,297 [T11] DEBUG WinElementTargetFinder
## Object Find In App (Foreground) (name: 'ESS ERP - Login - Chrome')

2026-04-17 14:32:35,371 [T11] INFO  WinFinder
 . Finding Object by 'RelativePoint Search' (Try: 1) ... 

2026-04-17 14:32:35,541 [T13-ScriptEngine] INFO  WinFinder
Finding Result: Found by 'ObjectPathEx' method. (Total: 1)
 - name: 'ID (사번)'
 - value: ''

2026-04-17 14:32:37,847 [T13-ScriptEngine] INFO  JobRequest
 - STEP 6: S739fab99b6e842ee9f5535c873c0b55b (5/17) - (6/42)
 - [5] TextInput


2026-04-17 14:32:37,876 [T11] INFO  WinFinder
Finding Object In App... Try: 1, IsLastTry: False. AppCount: 2

2026-04-17 14:32:37,876 [T11] DEBUG WinElementTargetFinder
## Object Find In App (Foreground) (name: 'ESS ERP - Login - Chrome')

2026-04-17 14:32:37,898 [T11] INFO  WinFinder
 . Finding Object by 'RelativePoint Search' (Try: 1) ... 

2026-04-17 14:32:37,954 [T13-ScriptEngine] INFO  WinFinder
Finding Result: Found by 'ObjectPathEx' method. (Total: 1)
 - name: 'Password'
 - value: ''

2026-04-17 14:32:40,202 [T13-ScriptEngine] INFO  JobRequest
 - STEP 7: S8e2df62b267a4f9dbcb48320dc879849 (6/17) - (7/42)
 - [6] WaitAppear


2026-04-17 14:32:41,246 [T11] INFO  WinFinder
Finding Object In App... Try: 1, IsLastTry: False. AppCount: 2

2026-04-17 14:32:41,247 [T11] DEBUG WinElementTargetFinder
## Object Find In App (Foreground) (name: 'ESS ERP - 메인 대시보드 - Chrome')

2026-04-17 14:32:41,261 [T11] INFO  WinFinder
 . Finding Object by 'RelativePoint Search' (Try: 1) ... 

2026-04-17 14:32:41,330 [T13-ScriptEngine] INFO  WinFinder
Finding Result: Found by 'ObjectPathEx' method. (Total: 1)
 - name: ''
 - value: ''

2026-04-17 14:32:41,345 [T13-ScriptEngine] INFO  JobRequest
 - STEP 8: S8e94a06c41ad47e49b53da2c4372fe2a (7/17) - (8/42)
 - [7] IfThen


2026-04-17 14:32:41,361 [T13-ScriptEngine] INFO  JobRequest
 - STEP 9: S5484d476af3f416caed647f9c98008bf (8/17) - (9/42)
 - [8] Click


2026-04-17 14:32:41,409 [T9] INFO  WinFinder
Finding Object In App... Try: 1, IsLastTry: False. AppCount: 2

2026-04-17 14:32:41,410 [T9] DEBUG WinElementTargetFinder
## Object Find In App (Foreground) (name: 'ESS ERP - 메인 대시보드 - Chrome')

2026-04-17 14:32:41,427 [T9] INFO  WinFinder
 . Finding Object by 'RelativePoint Search' (Try: 1) ... 

2026-04-17 14:32:41,481 [T13-ScriptEngine] INFO  WinFinder
Finding Result: Found by 'ObjectPathEx' method. (Total: 1)
 - name: '사용하지 않음'
 - value: ''

2026-04-17 14:32:41,889 [T13-ScriptEngine] INFO  JobRequest
 - STEP 10: S4d42a3f3db7f4cca8b96229135adf793 (9/17) - (10/42)
 - [9] End-IfThen


2026-04-17 14:32:41,904 [T13-ScriptEngine] INFO  JobRequest
 - STEP 11: S88968a1b2cfe45f6924790fa6ae6aa7e (10/17) - (11/42)
 - [10] Click


2026-04-17 14:32:41,932 [T11] INFO  WinFinder
Finding Object In App... Try: 1, IsLastTry: False. AppCount: 2

2026-04-17 14:32:41,933 [T11] DEBUG WinElementTargetFinder
## Object Find In App (Foreground) (name: 'ESS ERP - 메인 대시보드 - Chrome')

2026-04-17 14:32:41,962 [T11] INFO  WinFinder
 . Finding Object by 'RelativePoint Search' (Try: 1) ... 

2026-04-17 14:32:42,022 [T13-ScriptEngine] INFO  WinFinder
Finding Result: Found by 'ObjectPathEx' method. (Total: 1)
 - name: ' AI 분석 요청'
 - value: 'http://localhost:8081/finance/report'

2026-04-17 14:32:42,435 [T13-ScriptEngine] INFO  JobRequest
 - STEP 12: Se5fb2a93a42b45818a4fb5e40eb3a921 (11/17) - (12/42)
 - [11] Click


2026-04-17 14:32:42,469 [T12] INFO  WinFinder
Finding Object In App... Try: 1, IsLastTry: False. AppCount: 2

2026-04-17 14:32:42,470 [T12] DEBUG WinElementTargetFinder
## Object Find In App (Foreground) (name: 'ESS ERP - 재무제표 - Chrome')

2026-04-17 14:32:42,502 [T12] INFO  WinFinder
 . Finding Object by 'RelativePoint Search' (Try: 1) ... 

2026-04-17 14:32:42,570 [T13-ScriptEngine] INFO  WinFinder
Finding Result: Found by 'ObjectPathEx' method. (Total: 1)
 - name: ' 1단계: 데이터 분석 요청'
 - value: ''

2026-04-17 14:32:42,974 [T13-ScriptEngine] INFO  JobRequest
 - STEP 13: Sc1c2994411e84a619febaa2c4d673a34 (12/17) - (13/42)
 - [12] WaitAppear


2026-04-17 14:32:44,022 [T22] INFO  WinFinder
Finding Object In App... Try: 1, IsLastTry: False. AppCount: 2

2026-04-17 14:32:44,023 [T22] DEBUG WinElementTargetFinder
## Object Find In App (Foreground) (name: 'ESS ERP - 재무제표 - Chrome')

2026-04-17 14:32:44,031 [T22] INFO  WinFinder
 . Finding Object by 'RelativePoint Search' (Try: 1) ... 

2026-04-17 14:32:44,103 [T13-ScriptEngine] INFO  WinFinder
Finding Result: Found by 'ObjectPathEx' method. (Total: 1)
 - name: 'localhost:8081 내용:'
 - value: ''

2026-04-17 14:32:44,117 [T13-ScriptEngine] INFO  JobRequest
 - STEP 14: S50cefdb772d747f6b495ba13ffb98b62 (13/17) - (14/42)
 - [13] IfThen


2026-04-17 14:32:44,133 [T13-ScriptEngine] INFO  JobRequest
 - STEP 15: S139246cb23974b49a6bd0113782acccd (14/17) - (15/42)
 - [14] Click


2026-04-17 14:32:44,164 [T23] INFO  WinFinder
Finding Object In App... Try: 1, IsLastTry: False. AppCount: 2

2026-04-17 14:32:44,164 [T23] DEBUG WinElementTargetFinder
## Object Find In App (Foreground) (name: 'ESS ERP - 재무제표 - Chrome')

2026-04-17 14:32:44,184 [T23] INFO  WinFinder
 . Finding Object by 'RelativePoint Search' (Try: 1) ... 

2026-04-17 14:32:44,256 [T13-ScriptEngine] INFO  WinFinder
Finding Result: Found by 'ObjectPathEx' method. (Total: 1)
 - name: '확인'
 - value: ''

2026-04-17 14:32:44,679 [T13-ScriptEngine] INFO  JobRequest
 - STEP 16: S83706ced4e1e427793cd94d75efb2c75 (15/17) - (16/42)
 - [15] End-IfThen


2026-04-17 14:32:44,695 [T13-ScriptEngine] INFO  JobRequest
 - STEP 17: Sb759c5e0f80946a38ccde18a6c84bb72 (16/17) - (17/42)
 - [16] Click


2026-04-17 14:32:44,734 [T9] INFO  WinFinder
Finding Object In App... Try: 1, IsLastTry: False. AppCount: 2

2026-04-17 14:32:44,735 [T9] DEBUG WinElementTargetFinder
## Object Find In App (Foreground) (name: 'ESS ERP - 재무제표 - Chrome')

2026-04-17 14:32:44,770 [T9] INFO  WinFinder
 . Finding Object by 'RelativePoint Search' (Try: 1) ... 

2026-04-17 14:32:44,833 [T13-ScriptEngine] INFO  WinFinder
Finding Result: Found by 'ObjectPathEx' method. (Total: 1)
 - name: ' 2단계: 엑셀 다운로드'
 - value: ''

2026-04-17 14:32:45,244 [T13-ScriptEngine] INFO  JobRequest
 - STEP 18: Sba949b982b9646e89dadb86b2a42bf61 (17/17) - (18/42)
 - [17] Delay


2026-04-17 14:32:48,262 [T13-ScriptEngine] INFO  JobRunner
[PASS] TASK: T_1_ERP분석

2026-04-17 14:32:48,275 [T13-ScriptEngine] INFO  JobRequest
##############################################################
### STATE: EndTask - T_1_ERP분석
##############################################################
1badd194-2111-4277-98f2-9734fbed1351
T_1_ERP분석


2026-04-17 14:32:48,293 [T13-ScriptEngine] INFO  JobRequest
**************************************************************
*** TASK: P_ESS
**************************************************************
 - STEP 19: S59e52235548647e7a4905005831d0722 (2/2) - (19/42)
 - [2] RunTask


2026-04-17 14:32:48,309 [T13-ScriptEngine] INFO  JobRequest
##############################################################
### STATE: StartTask - T_2_macro
##############################################################
a04dcbbb-a34e-4929-b6da-a5a995ffdc74
T_2_macro


2026-04-17 14:32:48,323 [T13-ScriptEngine] INFO  JobRequest
**************************************************************
*** TASK: T_2_macro
**************************************************************
 - STEP 20: S1684f8361913481d869ef775e78ae6bf (1/23) - (20/42)
 - [1] ExecuteCmd


2026-04-17 14:32:48,575 [T13-ScriptEngine] INFO  JobRequest
 - STEP 21: S6ce26cd947bc4032b6946d1b99d34fc5 (2/23) - (21/42)
 - [2] MessageBox


2026-04-17 14:32:48,604 [T13-ScriptEngine] INFO  ScriptSupport
C:\Users\3class_007\Downloads\report.xlsm

2026-04-17 14:33:34,238 [T13-ScriptEngine] INFO  JobRequest
 - STEP 22: Saaa675c2aeac403d861f73a25c98d26d (3/23) - (22/42)
 - [3] OpenExcel


2026-04-17 14:33:37,366 [T13-ScriptEngine] INFO  JobRequest
 - STEP 23: S2e06fab818254c398fa1f2e33e0ee4f6 (4/23) - (23/42)
 - [4] WaitAppear


2026-04-17 14:33:38,405 [T25] INFO  WinFinder
Finding Object In App... Try: 1, IsLastTry: False. AppCount: 1

2026-04-17 14:33:38,408 [T25] DEBUG WinElementTargetFinder
## Object Find In App (name: 'report - Excel')

2026-04-17 14:33:40,203 [T25] INFO  WinFinder
Finding Object In App... Try: 2, IsLastTry: False. AppCount: 1

2026-04-17 14:33:40,205 [T25] DEBUG WinElementTargetFinder
## Object Find In App (name: 'report - Excel')

2026-04-17 14:33:41,755 [T25] INFO  WinFinder
Finding Object In App... Try: 3, IsLastTry: False. AppCount: 1

2026-04-17 14:33:41,756 [T25] DEBUG WinElementTargetFinder
## Object Find In App (name: 'report - Excel')

2026-04-17 14:33:43,334 [T25] INFO  WinFinder
Finding Object In App... Try: 4, IsLastTry: False. AppCount: 1

2026-04-17 14:33:43,334 [T25] DEBUG WinElementTargetFinder
## Object Find In App (name: 'report - Excel')

2026-04-17 14:33:44,894 [T25] INFO  WinFinder
Finding Object In App... Try: 5, IsLastTry: False. AppCount: 1

2026-04-17 14:33:44,895 [T25] DEBUG WinElementTargetFinder
## Object Find In App (name: 'report - Excel')

2026-04-17 14:33:46,471 [T25] INFO  WinFinder
Finding Object In App... Try: 6, IsLastTry: True. AppCount: 1

2026-04-17 14:33:46,472 [T25] DEBUG WinElementTargetFinder
## Object Find In App (name: 'report - Excel')

2026-04-17 14:33:48,059 [T25] INFO  WinFinder
Finding Object In App... Try: 7, IsLastTry: True. AppCount: 1

2026-04-17 14:33:48,061 [T25] DEBUG WinElementTargetFinder
## Object Find In App (name: 'report - Excel')

2026-04-17 14:33:48,649 [T13-ScriptEngine] DEBUG WinFinder
UI Inspection Time: 11 seconds.

2026-04-17 14:33:48,649 [T13-ScriptEngine] INFO  WinFinder
Finding Result: NoTarget

2026-04-17 14:33:48,655 [T13-ScriptEngine] INFO  JobRequest
 - STEP 24: S95e2481d3260496db11fd2c4a45ed34a (5/23) - (24/42)
 - [5] IfThen


2026-04-17 14:33:48,670 [T13-ScriptEngine] INFO  JobRequest
 - STEP 25: S5f764c4723b54dd58b9e7c0894c37764 (7/23) - (26/42)
 - [7] End-IfThen


2026-04-17 14:33:48,686 [T13-ScriptEngine] INFO  JobRequest
 - STEP 26: S26d9b2af7c514b898fa6d7c77318aa0b (8/23) - (27/42)
 - [8] WaitAppear


2026-04-17 14:33:49,731 [T25] INFO  WinFinder
Finding Object In App... Try: 1, IsLastTry: False. AppCount: 1

2026-04-17 14:33:49,732 [T25] DEBUG WinElementTargetFinder
## Object Find In App (name: 'report - Excel')

2026-04-17 14:33:51,225 [T25] INFO  WinFinder
Finding Object In App... Try: 2, IsLastTry: False. AppCount: 1

2026-04-17 14:33:51,226 [T25] DEBUG WinElementTargetFinder
## Object Find In App (name: 'report - Excel')

2026-04-17 14:33:52,742 [T25] INFO  WinFinder
Finding Object In App... Try: 3, IsLastTry: False. AppCount: 1

2026-04-17 14:33:52,744 [T25] DEBUG WinElementTargetFinder
## Object Find In App (name: 'report - Excel')

2026-04-17 14:33:54,241 [T25] INFO  WinFinder
Finding Object In App... Try: 4, IsLastTry: False. AppCount: 1

2026-04-17 14:33:54,242 [T25] DEBUG WinElementTargetFinder
## Object Find In App (name: 'report - Excel')

2026-04-17 14:33:55,726 [T25] INFO  WinFinder
Finding Object In App... Try: 5, IsLastTry: False. AppCount: 1

2026-04-17 14:33:55,727 [T25] DEBUG WinElementTargetFinder
## Object Find In App (name: 'report - Excel')

2026-04-17 14:33:57,227 [T25] INFO  WinFinder
Finding Object In App... Try: 6, IsLastTry: True. AppCount: 1

2026-04-17 14:33:57,227 [T25] DEBUG WinElementTargetFinder
## Object Find In App (name: 'report - Excel')

2026-04-17 14:33:58,720 [T25] INFO  WinFinder
Finding Object In App... Try: 7, IsLastTry: True. AppCount: 1

2026-04-17 14:33:58,721 [T25] DEBUG WinElementTargetFinder
## Object Find In App (name: 'report - Excel')

2026-04-17 14:33:59,232 [T13-ScriptEngine] INFO  WinFinder
Finding Result: NoTarget

2026-04-17 14:33:59,237 [T13-ScriptEngine] INFO  JobRequest
 - STEP 27: Sc9fb38daaa4f490ba6e4da2abf0a0477 (9/23) - (28/42)
 - [9] IfElse


2026-04-17 14:33:59,253 [T13-ScriptEngine] INFO  JobRequest
 - STEP 28: S7e17e3a07ae943c483e55511399bfe72 (19/23) - (38/42)
 - [19] Else


2026-04-17 14:33:59,269 [T13-ScriptEngine] INFO  JobRequest
 - STEP 29: Sa762b467c1bd4598b4ffdb64d3359b06 (20/23) - (39/42)
 - [20] ExecuteMacro


2026-04-17 14:34:01,014 [T13-ScriptEngine] INFO  JobRequest
 - STEP 30: S7585b873b56b4777ba1e112aa21383d6 (21/23) - (40/42)
 - [21] End-IfElse


2026-04-17 14:34:01,030 [T13-ScriptEngine] INFO  JobRequest
 - STEP 31: Sf64cf8db362b44818c80ab31dee6086b (22/23) - (41/42)
 - [22] SaveExcel


2026-04-17 14:34:01,836 [T13-ScriptEngine] INFO  JobRequest
 - STEP 32: S075b5ca974f64c1db63eaa7f4096d245 (23/23) - (42/42)
 - [23] CloseExcel


2026-04-17 14:34:01,909 [T13-ScriptEngine] DEBUG ExcelBase
DisposeExcel

2026-04-17 14:34:03,158 [T13-ScriptEngine] INFO  JobRunner
[PASS] TASK: T_2_macro

2026-04-17 14:34:03,158 [T13-ScriptEngine] INFO  JobRequest
##############################################################
### STATE: EndTask - T_2_macro
##############################################################
a04dcbbb-a34e-4929-b6da-a5a995ffdc74
T_2_macro


2026-04-17 14:34:03,158 [T13-ScriptEngine] INFO  JobRunner
[PASS] TASK: P_ESS

2026-04-17 14:34:03,158 [T13-ScriptEngine] INFO  JobRequest
##############################################################
### STATE: EndProcess - P_ESS
##############################################################
ff74b226-9194-47e8-a2bb-06592cc20f4a
P_ESS


2026-04-17 14:34:03,173 [T13-ScriptEngine] INFO  JobRunner
RunProcess - Job Result: {}

2026-04-17 14:34:03,174 [T13-ScriptEngine] DEBUG JobManager
Set Result State: Completed

2026-04-17 14:34:03,178 [T13-ScriptEngine] INFO  JobRunner
Make report.

2026-04-17 14:34:03,233 [T13-ScriptEngine] INFO  JobRunner
Start to clean up resources.

2026-04-17 14:34:03,234 [T26] DEBUG JobRunner
Start timer for checking the job to be completed.

2026-04-17 14:34:03,235 [T13-ScriptEngine] DEBUG JobRunner
OnProcessCompleted

2026-04-17 14:34:03,237 [T13-ScriptEngine] INFO  JobRunner
Start to clean up resources.

2026-04-17 14:34:03,239 [T13-ScriptEngine] DEBUG JobRunner
Remove all libraries

2026-04-17 14:34:03,240 [T13-ScriptEngine] DEBUG NetPlayer
WebPlayer OnDispose

2026-04-17 14:34:03,242 [T13-ScriptEngine] DEBUG WebPlayer
WebPlayer OnDispose : Do Nothing

2026-04-17 14:34:03,243 [T13-ScriptEngine] DEBUG UIAEventHandler
Stop UIA event handler

2026-04-17 14:34:03,244 [T13-ScriptEngine] DEBUG UIAEventHandler
Stop UIA event handler

2026-04-17 14:34:03,254 [T13-ScriptEngine] DEBUG UiaAppHelper
WinHelper DisposeAppList Count: 0

2026-04-17 14:34:03,255 [T13-ScriptEngine] INFO  JobRunner
All Resources Clear

2026-04-17 14:34:03,257 [T13-ScriptEngine] DEBUG JobRunner
OnCompleted

2026-04-17 14:34:03,258 [T13-ScriptEngine] DEBUG JobRunner
SendJobResult: Completed

2026-04-17 14:34:03,258 [T13-ScriptEngine] INFO  JobRequest
##############################################################
### STATE: Completed
##############################################################
{}


2026-04-17 14:34:03,258 [T13-ScriptEngine] INFO  JobRequest
Last job life cycle state: Completed

2026-04-17 14:34:03,258 [T13-ScriptEngine] INFO  JobRequest
Update skipped current step informations.

2026-04-17 14:34:03,260 [T13-ScriptEngine] DEBUG JobDBManager
Set last life-cycle state: Completed - {}

2026-04-17 14:34:03,288 [T13-ScriptEngine] INFO  JobRequest
##############################################################
### JOB COMPLETED
##############################################################


2026-04-17 14:34:03,297 [T10] DEBUG JobRequest
Callback - State: Completed
{}

2026-04-17 14:34:03,298 [T10] INFO  JobRequest
Callback - EngineClosed

2026-04-17 14:34:03,299 [T10] INFO  JobService
Disconnect agent service

2026-04-17 14:34:03,301 [T10] DEBUG JobRequest
End of Callback Sender

