2026-04-17 14:19:29,691 [T1] INFO  EngineStarter
BOT Engine Start - v3.1.126.00128 at 2026-04-17 오후 2:19:29
EngineID: D_20260417_141928_970
PID : 16552
PPID: 14300
Working Directory: C:\Users\3class_007\AppData\Roaming\Brity RPA Designer

2026-04-17 14:19:29,707 [T1] INFO  EngineStarter
System Language: ko-KR
Resolution: 1920 x 1200

2026-04-17 14:19:29,912 [T1] INFO  Config
Initialize Config

2026-04-17 14:19:29,948 [T1] DEBUG Config
Config Loaded

2026-04-17 14:19:29,949 [T1] DEBUG Config
Backup config file.

2026-04-17 14:19:29,961 [T1] INFO  Config
Orchestrator Service => https://bwrpa.samsungsds.com:8777

2026-04-17 14:19:29,962 [T1] INFO  Config
Initialize Resource Config

2026-04-17 14:19:29,991 [T1] DEBUG Config
Refresh Language Information

2026-04-17 14:19:30,080 [T1] INFO  Config
All Config Initialized.

2026-04-17 14:19:30,085 [T1] DEBUG KeyManager
Initialize KeyManager

2026-04-17 14:19:30,090 [T1] DEBUG KeyManager
Load device unique id.

2026-04-17 14:19:30,096 [T1] DEBUG KeyManager
Device ID is initialized. (Type: 7)

2026-04-17 14:19:30,100 [T1] INFO  Config
Activated License Type : StandAloneDesigner

2026-04-17 14:19:30,190 [T4] DEBUG JobService
Connect to agent service

2026-04-17 14:19:30,218 [T4] DEBUG JobService
JobService URL : net.tcp://127.0.0.1:59001/rpa/agent

2026-04-17 14:19:30,220 [T4] DEBUG JobService
Open connection

2026-04-17 14:19:30,240 [T4] DEBUG JobService
Register engine to agent

2026-04-17 14:19:30,244 [T1] DEBUG ApplicationInitializer
InitMode: Thread

2026-04-17 14:19:30,254 [T4] DEBUG JobService
Engine is connected to agent service.

2026-04-17 14:19:30,254 [T4] DEBUG JobService
Owner Process PID: 14300

2026-04-17 14:19:30,258 [T4] INFO  JobService
Start monitoring owner process is terminated.

2026-04-17 14:19:30,262 [T1] INFO  LibraryManager
Load Libraries - Started

2026-04-17 14:19:30,299 [T1] DEBUG AddInLoader
Load Assembly : IPA.Lib.Chrome

2026-04-17 14:19:30,632 [T1] DEBUG AddInLoader
Load Assembly : IPA.Lib.Desktop

2026-04-17 14:19:30,785 [T1] DEBUG AddInLoader
Load Assembly : IPA.Lib.Excel

2026-04-17 14:19:30,939 [T1] DEBUG AddInLoader
Load Assembly : IPA.Lib.Flow

2026-04-17 14:19:31,051 [T1] DEBUG AddInLoader
Load Assembly : IPA.Lib.IE

2026-04-17 14:19:31,138 [T1] DEBUG AddInLoader
Load Assembly : IPA.Lib.ImageConverter

2026-04-17 14:19:31,196 [T1] DEBUG AddInLoader
Load Assembly : IPA.Lib.ImageRecognition

2026-04-17 14:19:31,392 [T1] DEBUG AddInLoader
Load Assembly : IPA.Lib.MicrosoftOCR

2026-04-17 14:19:31,454 [T1] DEBUG AddInLoader
Load Assembly : IPA.Lib.Net

2026-04-17 14:19:31,560 [T1] DEBUG AddInLoader
Load Assembly : IPA.Lib.Orchestra

2026-04-17 14:19:31,650 [T1] DEBUG AddInLoader
Load Assembly : IPA.Lib.ProcessFlow

2026-04-17 14:19:31,730 [T1] DEBUG AddInLoader
Load Assembly : IPA.Lib.SAP

2026-04-17 14:19:31,804 [T1] DEBUG AddInLoader
Load Assembly : IPA.Lib.Web

2026-04-17 14:19:31,900 [T1] DEBUG AddInLoader
Load Assembly : IPA.Lib.Win

2026-04-17 14:19:32,019 [T1] INFO  ScreenCapture
Default Screen Capture Bounds: 0,0,1920,1200

2026-04-17 14:19:32,048 [T1] DEBUG AddInLoader
Load Assembly : BrityRPA.AddIn.NativeApp

2026-04-17 14:19:32,146 [T1] DEBUG AddInLoader
Load Assembly : BrityWorks.AddIn.Outlook

2026-04-17 14:19:32,203 [T1] DEBUG AddInLoader
Load Assembly : BrityWorks.AddIn.Pdf

2026-04-17 14:19:32,289 [T1] DEBUG LibraryManager
Load Library - Chrome

2026-04-17 14:19:32,304 [T1] DEBUG LibraryManager
Load Library - Desktop

2026-04-17 14:19:32,319 [T1] DEBUG LibraryManager
Load Library - Excel

2026-04-17 14:19:32,335 [T1] DEBUG LibraryManager
Load Library - Flow

2026-04-17 14:19:32,350 [T1] DEBUG LibraryManager
Load Library - IE

2026-04-17 14:19:32,366 [T1] DEBUG LibraryManager
Load Library - ImageConverter

2026-04-17 14:19:32,381 [T1] DEBUG LibraryManager
Load Library - ImageRecognition

2026-04-17 14:19:32,397 [T1] DEBUG LibraryManager
Load Library - MicrosoftOCR

2026-04-17 14:19:32,412 [T1] DEBUG LibraryManager
Load Library - NativeApp

2026-04-17 14:19:32,428 [T1] DEBUG LibraryManager
Load Library - Net

2026-04-17 14:19:32,443 [T1] DEBUG LibraryManager
Load Library - Orchestra

2026-04-17 14:19:32,458 [T1] DEBUG LibraryManager
Load Library - Outlook

2026-04-17 14:19:32,474 [T1] DEBUG LibraryManager
Load Library - Pdf

2026-04-17 14:19:32,490 [T1] DEBUG LibraryManager
Load Library - SAP

2026-04-17 14:19:32,506 [T1] DEBUG LibraryManager
Load Library - Web

2026-04-17 14:19:32,522 [T1] DEBUG LibraryManager
Load Library - Win

2026-04-17 14:19:32,537 [T1] DEBUG LibraryManager
Load Library - WorkFlow

2026-04-17 14:19:32,543 [T1] DEBUG LibraryManager
Load built-in script libraries

2026-04-17 14:19:32,802 [T1] INFO  LibraryManager
Load Libraries - Completed.

2026-04-17 14:19:32,813 [T1] INFO  App
Launch Arguments: Total: 6 |  -eid D_20260417_141928_970 -runtype ProcRunner -ppid 14300

2026-04-17 14:19:32,814 [T1] DEBUG Config
Refresh Language Information

2026-04-17 14:19:32,814 [T1] DEBUG LibraryManager
LibraryManager Initialized.

2026-04-17 14:22:55,137 [T9] INFO  JobService
Start Job: T_2_macro (Foreground)
{
  "JobType": 1,
  "State": 0,
  "IsRunning": false,
  "ResultMessage": null,
  "StartTime": "2026-04-17 14:22:54",
  "EndTime": null,
  "JobId": "Designer_20260417_142254_791",
  "UserAuthentication": null,
  "ProcessPath": "C:\\Users\\3class_007\\Documents\\Brity RPA Projects\\ESS\\T_2_macro.proc",
  "ProcessId": "a04dcbbb-a34e-4929-b6da-a5a995ffdc74",
  "ProcessVer": "",
  "ProcessArgs": "S1684f8361913481d869ef775e78ae6bf;;False",
  "RequesterType": 3,
  "RequesterId": "designer",
  "RequesterPID": 14300,
  "OptionsJsonString": null,
  "TimeoutSec": 0,
  "EngineID": "D_20260417_141928_970",
  "EnginePID": 0,
  "EngineRecommededVersion": "",
  "JobWorkDir": "C:\\Users\\3class_007\\Documents\\Brity RPA Projects\\ESS\\Histories\\20260417_142254_T_2_macro_Designer_20260417_142254_791",
  "JobLogDir": "C:\\Users\\3class_007\\Documents\\Brity RPA Projects\\ESS\\Histories\\20260417_142254_T_2_macro_Designer_20260417_142254_791\\Log",
  "JobScreenshotDir": "C:\\Users\\3class_007\\Documents\\Brity RPA Projects\\ESS\\Histories\\20260417_142254_T_2_macro_Designer_20260417_142254_791\\Log\\Screenshot"
}

2026-04-17 14:22:55,273 [T10] DEBUG JobService
Waiting library loading...

2026-04-17 14:22:55,277 [T10] DEBUG Config
Reload User Settings

2026-04-17 14:22:55,287 [T10] INFO  Config
UserSettings Reloaded =>
 - LastExecution : TycAmQfW6+XLICIkZNKWDWRgOGRlk9/DVEGBZkG73TM= -> w7nRz93qn+7MSg/e+EOhWKuwvtw9k+XHD2/dbHM0KOQ=

2026-04-17 14:22:55,287 [T10] INFO  JobService
Config Loading Completed.

2026-04-17 14:22:55,287 [T10] DEBUG JobService
Config Loading Time: 14 ms.

2026-04-17 14:22:55,293 [T10] DEBUG JobService
Check Shared Token

2026-04-17 14:22:55,295 [T10] DEBUG TokenManager
Load connection token

2026-04-17 14:22:55,296 [T10] DEBUG TokenManager
Clear Connection Token - No Shared Token

2026-04-17 14:22:55,305 [T10] DEBUG ServerInformationClient
get server features for engine bot from config.

2026-04-17 14:22:55,306 [T10] INFO  Config
Try to load server features from config.

2026-04-17 14:22:55,311 [T10] DEBUG ServerInformationClient
get server features for engine bot from config.

2026-04-17 14:22:55,312 [T10] INFO  TokenManager
SecurityType in server feature : v2

2026-04-17 14:22:55,312 [T10] INFO  TokenManager
SecurityType : v2

2026-04-17 14:22:55,336 [T10] INFO  JobService
Shared Token - No Token

2026-04-17 14:22:55,343 [T10] INFO  JobManager
Create JobManager instance for job T_2_macro(Designer_20260417_142254_791)

2026-04-17 14:22:55,356 [T10] INFO  JobRequest
Job ID : Designer_20260417_142254_791
Project Path  : C:\Users\3class_007\Documents\Brity RPA Projects\ESS\ESS.proj
Process Name  : T_2_macro
Engine Mode   : Designer
Requester Type: Designer
Requester PID : 14300

2026-04-17 14:22:55,358 [T11] INFO  JobRequest
Start Callback Sender

2026-04-17 14:22:55,358 [T11] DEBUG JobRequest
Step Callback Interval: 500

2026-04-17 14:22:55,456 [T10] DEBUG ProjectManager
Set Project Information

2026-04-17 14:22:55,505 [T10] INFO  PlayOptionManager
PlayOption
- Step Interval : 1
- Disable DrawBounds : False
- Invoke First : False
- Allow Upload of DumpScreen results : False

2026-04-17 14:22:55,507 [T10] INFO  JobRunner
Initialize Script Engine

2026-04-17 14:22:55,577 [T14-ScriptEngine] INFO  JobRequest
##############################################################
### STATE: Initializing
##############################################################


2026-04-17 14:22:55,599 [T11] DEBUG JobRequest
Callback - State: Initializing


2026-04-17 14:22:56,456 [T14-ScriptEngine] INFO  JobRequest
##############################################################
### STATE: Ready
##############################################################


2026-04-17 14:22:56,466 [T10] INFO  JobRunnerHook
HotKey Hook Started

2026-04-17 14:22:56,467 [T10] INFO  JobRequest
##############################################################
### STATE: Starting
##############################################################


2026-04-17 14:22:56,469 [T14-ScriptEngine] INFO  JobRunner
RunProcess start

2026-04-17 14:22:56,470 [T11] DEBUG JobRequest
Callback - State: Ready


2026-04-17 14:22:56,471 [T14-ScriptEngine] INFO  JobRequest
##############################################################
### STATE: Running
##############################################################


2026-04-17 14:22:56,471 [T14-ScriptEngine] INFO  JobRequest
Last job life cycle state: Running

2026-04-17 14:22:56,471 [T11] DEBUG JobRequest
Callback - State: Starting


2026-04-17 14:22:56,484 [T11] DEBUG JobRequest
Callback - State: Running


2026-04-17 14:22:57,444 [T14-ScriptEngine] DEBUG ScreenCapture
DirectX Screen Capture Initialized.

2026-04-17 14:22:57,509 [T14-ScriptEngine] DEBUG JobRunner
DirectX ScreenCapture Checked.

2026-04-17 14:22:57,541 [T14-ScriptEngine] INFO  JobRequest
##############################################################
### STATE: StartProcess - T_2_macro
##############################################################
a04dcbbb-a34e-4929-b6da-a5a995ffdc74
T_2_macro


2026-04-17 14:22:57,601 [T14-ScriptEngine] INFO  JobRequest
**************************************************************
*** TASK: T_2_macro
**************************************************************
 - STEP 1: S1684f8361913481d869ef775e78ae6bf (1/23) - (1/23)
 - [1] ExecuteCmd


2026-04-17 14:22:57,987 [T14-ScriptEngine] INFO  JobRequest
 - STEP 2: S6ce26cd947bc4032b6946d1b99d34fc5 (2/23) - (2/23)
 - [2] MessageBox


2026-04-17 14:22:58,017 [T14-ScriptEngine] INFO  ScriptSupport
C:\Users\3class_007\Downloads\report.xlsm


2026-04-17 14:23:02,035 [T14-ScriptEngine] INFO  JobRequest
 - STEP 3: Saaa675c2aeac403d861f73a25c98d26d (3/23) - (3/23)
 - [3] OpenExcel


2026-04-17 14:23:02,691 [T14-ScriptEngine] ERROR OpenExcel
경로에 잘못된 문자가 있습니다.

2026-04-17 14:23:02,693 [T14-ScriptEngine] DEBUG ExcelBase
DisposeExcel

2026-04-17 14:23:10,055 [T14-ScriptEngine] WARN  ScriptSupport
[CATCH_STEP_EXCEPTION] Process: T_2_macro
Step: OpenExcel (3/23)

Error: 경로에 잘못된 문자가 있습니다.

2026-04-17 14:23:10,064 [T14-ScriptEngine] FINE  JobRunner
RunTask ExceptionOccured. TASK: T_2_macro => 경로에 잘못된 문자가 있습니다.

2026-04-17 14:23:10,082 [T14-ScriptEngine] INFO  JobRequest
##############################################################
### STATE: EndProcess - T_2_macro
##############################################################
a04dcbbb-a34e-4929-b6da-a5a995ffdc74
T_2_macro


2026-04-17 14:23:10,098 [T14-ScriptEngine] ERROR JobRunner
Process: T_2_macro
Step: OpenExcel (3/23)

경로에 잘못된 문자가 있습니다.

[CallStack]
  - T_2_macro: [3] OpenExcel

[Global Variables]
  - RESULT = <null> (Any)

[T_2_macro Variables]
  - latest_report_path = 'C:\\Users\\3class_007\\Downloads\\report.xlsm\r\n' (String)
  - reportgood = <undefined> (Undefined)
  - mcr_reset = <undefined> (Undefined)
  - mcr_security = <undefined> (Undefined)
  - officeoff = <undefined> (Undefined)

2026-04-17 14:23:10,114 [T14-ScriptEngine] DEBUG JobManager
Set Result State: ExceptionOccured

2026-04-17 14:23:13,873 [T14-ScriptEngine] INFO  JobRunner
Make report.

2026-04-17 14:23:13,954 [T14-ScriptEngine] INFO  JobRunner
Start to clean up resources.

2026-04-17 14:23:13,955 [T12] DEBUG JobRunner
Start timer for checking the job to be completed.

2026-04-17 14:23:13,956 [T14-ScriptEngine] DEBUG JobRunner
OnProcessFailed

2026-04-17 14:23:13,957 [T14-ScriptEngine] INFO  JobRunner
Start to clean up resources.

2026-04-17 14:23:13,960 [T14-ScriptEngine] DEBUG JobRunner
Remove all libraries

2026-04-17 14:23:13,989 [T14-ScriptEngine] DEBUG NetPlayer
WebPlayer OnDispose

2026-04-17 14:23:13,992 [T14-ScriptEngine] DEBUG WebPlayer
WebPlayer OnDispose : Do Nothing

2026-04-17 14:23:13,997 [T14-ScriptEngine] DEBUG UiaAppHelper
WinHelper DisposeAppList Count: 0

2026-04-17 14:23:13,997 [T14-ScriptEngine] INFO  JobRunner
All Resources Clear

2026-04-17 14:23:14,001 [T14-ScriptEngine] DEBUG JobRunner
OnCompleted

2026-04-17 14:23:14,002 [T14-ScriptEngine] DEBUG JobRunner
SendJobResult: ExceptionOccured

2026-04-17 14:23:14,002 [T14-ScriptEngine] INFO  JobRequest
##############################################################
### STATE: ExceptionOccured
##############################################################
Process: T_2_macro
Step: OpenExcel (3/23)

경로에 잘못된 문자가 있습니다.

[CallStack]
  - T_2_macro: [3] OpenExcel

[Global Variables]
  - RESULT = <null> (Any)

[T_2_macro Variables]
  - latest_report_path = 'C:\\Users\\3class_007\\Downloads\\report.xlsm\r\n' (String)
  - reportgood = <undefined> (Undefined)
  - mcr_reset = <undefined> (Undefined)
  - mcr_security = <undefined> (Undefined)
  - officeoff = <undefined> (Undefined)


2026-04-17 14:23:14,002 [T14-ScriptEngine] INFO  JobRequest
Last job life cycle state: ExceptionOccured

2026-04-17 14:23:14,006 [T14-ScriptEngine] DEBUG JobDBManager
Set last life-cycle state: ExceptionOccured - Process: T_2_macro
Step: OpenExcel (3/23)

경로에 잘못된 문자가 있습니다.

[CallStack]
  - T_2_macro: [3] OpenExcel

[Global Variables]
  - RESULT = <null> (Any)

[T_2_macro Variables]
  - latest_report_path = 'C:\\Users\\3class_007\\Downloads\\report.xlsm\r\n' (String)
  - reportgood = <undefined> (Undefined)
  - mcr_reset = <undefined> (Undefined)
  - mcr_security = <undefined> (Undefined)
  - officeoff = <undefined> (Undefined)

2026-04-17 14:23:14,024 [T11] DEBUG JobRequest
Callback - State: ExceptionOccured
Process: T_2_macro
Step: OpenExcel (3/23)

경로에 잘못된 문자가 있습니다.

[CallStack]
  - T_2_macro: [3] OpenExcel

[Global Variables]
  - RESULT = <null> (Any)

[T_2_macro Variables]
  - latest_report_path = 'C:\\Users\\3class_007\\Downloads\\report.xlsm\r\n' (String)
  - reportgood = <undefined> (Undefined)
  - mcr_reset = <undefined> (Undefined)
  - mcr_security = <undefined> (Undefined)
  - officeoff = <undefined> (Undefined)

2026-04-17 14:23:14,028 [T14-ScriptEngine] INFO  JobRequest
##############################################################
### JOB COMPLETED
##############################################################


2026-04-17 14:23:14,040 [T11] INFO  JobRequest
Callback - EngineClosed

2026-04-17 14:23:14,040 [T11] INFO  JobService
Disconnect agent service

2026-04-17 14:23:14,042 [T11] DEBUG JobRequest
End of Callback Sender

