2026-04-17 14:23:14,737 [T1] INFO  EngineStarter
BOT Engine Start - v3.1.126.00128 at 2026-04-17 오후 2:23:14
EngineID: D_20260417_142314_043
PID : 6760
PPID: 14300
Working Directory: C:\Users\3class_007\AppData\Roaming\Brity RPA Designer

2026-04-17 14:23:14,754 [T1] INFO  EngineStarter
System Language: ko-KR
Resolution: 1920 x 1200

2026-04-17 14:23:14,972 [T1] INFO  Config
Initialize Config

2026-04-17 14:23:15,012 [T1] DEBUG Config
Config Loaded

2026-04-17 14:23:15,013 [T1] DEBUG Config
Backup config file.

2026-04-17 14:23:15,025 [T1] INFO  Config
Orchestrator Service => https://bwrpa.samsungsds.com:8777

2026-04-17 14:23:15,026 [T1] INFO  Config
Initialize Resource Config

2026-04-17 14:23:15,054 [T1] DEBUG Config
Refresh Language Information

2026-04-17 14:23:15,131 [T1] INFO  Config
All Config Initialized.

2026-04-17 14:23:15,137 [T1] DEBUG KeyManager
Initialize KeyManager

2026-04-17 14:23:15,140 [T1] DEBUG KeyManager
Load device unique id.

2026-04-17 14:23:15,146 [T1] DEBUG KeyManager
Device ID is initialized. (Type: 7)

2026-04-17 14:23:15,149 [T1] INFO  Config
Activated License Type : StandAloneDesigner

2026-04-17 14:23:15,221 [T4] DEBUG JobService
Connect to agent service

2026-04-17 14:23:15,246 [T4] DEBUG JobService
JobService URL : net.tcp://127.0.0.1:59001/rpa/agent

2026-04-17 14:23:15,247 [T4] DEBUG JobService
Open connection

2026-04-17 14:23:15,250 [T1] DEBUG ApplicationInitializer
InitMode: Thread

2026-04-17 14:23:15,261 [T1] INFO  LibraryManager
Load Libraries - Started

2026-04-17 14:23:15,262 [T4] DEBUG JobService
Register engine to agent

2026-04-17 14:23:15,274 [T1] DEBUG AddInLoader
Load Assembly : IPA.Lib.Chrome

2026-04-17 14:23:15,274 [T4] DEBUG JobService
Engine is connected to agent service.

2026-04-17 14:23:15,274 [T4] DEBUG JobService
Owner Process PID: 14300

2026-04-17 14:23:15,277 [T4] INFO  JobService
Start monitoring owner process is terminated.

2026-04-17 14:23:15,481 [T1] DEBUG AddInLoader
Load Assembly : IPA.Lib.Desktop

2026-04-17 14:23:15,660 [T1] DEBUG AddInLoader
Load Assembly : IPA.Lib.Excel

2026-04-17 14:23:15,801 [T1] DEBUG AddInLoader
Load Assembly : IPA.Lib.Flow

2026-04-17 14:23:15,933 [T1] DEBUG AddInLoader
Load Assembly : IPA.Lib.IE

2026-04-17 14:23:16,026 [T1] DEBUG AddInLoader
Load Assembly : IPA.Lib.ImageConverter

2026-04-17 14:23:16,079 [T1] DEBUG AddInLoader
Load Assembly : IPA.Lib.ImageRecognition

2026-04-17 14:23:16,383 [T1] DEBUG AddInLoader
Load Assembly : IPA.Lib.MicrosoftOCR

2026-04-17 14:23:16,445 [T1] DEBUG AddInLoader
Load Assembly : IPA.Lib.Net

2026-04-17 14:23:16,524 [T1] DEBUG AddInLoader
Load Assembly : IPA.Lib.Orchestra

2026-04-17 14:23:16,608 [T1] DEBUG AddInLoader
Load Assembly : IPA.Lib.ProcessFlow

2026-04-17 14:23:16,694 [T1] DEBUG AddInLoader
Load Assembly : IPA.Lib.SAP

2026-04-17 14:23:16,765 [T1] DEBUG AddInLoader
Load Assembly : IPA.Lib.Web

2026-04-17 14:23:16,862 [T1] DEBUG AddInLoader
Load Assembly : IPA.Lib.Win

2026-04-17 14:23:16,984 [T1] INFO  ScreenCapture
Default Screen Capture Bounds: 0,0,1920,1200

2026-04-17 14:23:17,012 [T1] DEBUG AddInLoader
Load Assembly : BrityRPA.AddIn.NativeApp

2026-04-17 14:23:17,107 [T1] DEBUG AddInLoader
Load Assembly : BrityWorks.AddIn.Outlook

2026-04-17 14:23:17,167 [T1] DEBUG AddInLoader
Load Assembly : BrityWorks.AddIn.Pdf

2026-04-17 14:23:17,249 [T1] DEBUG LibraryManager
Load Library - Chrome

2026-04-17 14:23:17,264 [T1] DEBUG LibraryManager
Load Library - Desktop

2026-04-17 14:23:17,280 [T1] DEBUG LibraryManager
Load Library - Excel

2026-04-17 14:23:17,295 [T1] DEBUG LibraryManager
Load Library - Flow

2026-04-17 14:23:17,310 [T1] DEBUG LibraryManager
Load Library - IE

2026-04-17 14:23:17,326 [T1] DEBUG LibraryManager
Load Library - ImageConverter

2026-04-17 14:23:17,341 [T1] DEBUG LibraryManager
Load Library - ImageRecognition

2026-04-17 14:23:17,357 [T1] DEBUG LibraryManager
Load Library - MicrosoftOCR

2026-04-17 14:23:17,373 [T1] DEBUG LibraryManager
Load Library - NativeApp

2026-04-17 14:23:17,388 [T1] DEBUG LibraryManager
Load Library - Net

2026-04-17 14:23:17,403 [T1] DEBUG LibraryManager
Load Library - Orchestra

2026-04-17 14:23:17,419 [T1] DEBUG LibraryManager
Load Library - Outlook

2026-04-17 14:23:17,435 [T1] DEBUG LibraryManager
Load Library - Pdf

2026-04-17 14:23:17,450 [T1] DEBUG LibraryManager
Load Library - SAP

2026-04-17 14:23:17,466 [T1] DEBUG LibraryManager
Load Library - Web

2026-04-17 14:23:17,482 [T1] DEBUG LibraryManager
Load Library - Win

2026-04-17 14:23:17,498 [T1] DEBUG LibraryManager
Load Library - WorkFlow

2026-04-17 14:23:17,502 [T1] DEBUG LibraryManager
Load built-in script libraries

2026-04-17 14:23:17,734 [T1] INFO  LibraryManager
Load Libraries - Completed.

2026-04-17 14:23:17,744 [T1] INFO  App
Launch Arguments: Total: 6 |  -eid D_20260417_142314_043 -runtype ProcRunner -ppid 14300

2026-04-17 14:23:17,745 [T1] DEBUG Config
Refresh Language Information

2026-04-17 14:23:17,745 [T1] DEBUG LibraryManager
LibraryManager Initialized.

2026-04-17 14:23:22,447 [T8] INFO  JobService
Start Job: T_2_macro (Foreground)
{
  "JobType": 1,
  "State": 0,
  "IsRunning": false,
  "ResultMessage": null,
  "StartTime": "2026-04-17 14:23:22",
  "EndTime": null,
  "JobId": "Designer_20260417_142322_086",
  "UserAuthentication": null,
  "ProcessPath": "C:\\Users\\3class_007\\Documents\\Brity RPA Projects\\ESS\\T_2_macro.proc",
  "ProcessId": "a04dcbbb-a34e-4929-b6da-a5a995ffdc74",
  "ProcessVer": "",
  "ProcessArgs": "S1684f8361913481d869ef775e78ae6bf;;False",
  "RequesterType": 3,
  "RequesterId": "designer",
  "RequesterPID": 14300,
  "OptionsJsonString": null,
  "TimeoutSec": 0,
  "EngineID": "D_20260417_142314_043",
  "EnginePID": 0,
  "EngineRecommededVersion": "",
  "JobWorkDir": "C:\\Users\\3class_007\\Documents\\Brity RPA Projects\\ESS\\Histories\\20260417_142322_T_2_macro_Designer_20260417_142322_086",
  "JobLogDir": "C:\\Users\\3class_007\\Documents\\Brity RPA Projects\\ESS\\Histories\\20260417_142322_T_2_macro_Designer_20260417_142322_086\\Log",
  "JobScreenshotDir": "C:\\Users\\3class_007\\Documents\\Brity RPA Projects\\ESS\\Histories\\20260417_142322_T_2_macro_Designer_20260417_142322_086\\Log\\Screenshot"
}

2026-04-17 14:23:22,586 [T6] DEBUG JobService
Waiting library loading...

2026-04-17 14:23:22,588 [T6] DEBUG Config
Reload User Settings

2026-04-17 14:23:22,591 [T6] INFO  JobService
Config Loading Completed.

2026-04-17 14:23:22,591 [T6] DEBUG JobService
Config Loading Time: 4 ms.

2026-04-17 14:23:22,598 [T6] DEBUG JobService
Check Shared Token

2026-04-17 14:23:22,608 [T6] DEBUG TokenManager
Load connection token

2026-04-17 14:23:22,610 [T6] DEBUG TokenManager
Clear Connection Token - No Shared Token

2026-04-17 14:23:22,617 [T6] DEBUG ServerInformationClient
get server features for engine bot from config.

2026-04-17 14:23:22,619 [T6] INFO  Config
Try to load server features from config.

2026-04-17 14:23:22,622 [T6] DEBUG ServerInformationClient
get server features for engine bot from config.

2026-04-17 14:23:22,625 [T6] INFO  TokenManager
SecurityType in server feature : v2

2026-04-17 14:23:22,625 [T6] INFO  TokenManager
SecurityType : v2

2026-04-17 14:23:22,645 [T6] INFO  JobService
Shared Token - No Token

2026-04-17 14:23:22,663 [T6] INFO  JobManager
Create JobManager instance for job T_2_macro(Designer_20260417_142322_086)

2026-04-17 14:23:22,669 [T6] INFO  JobRequest
Job ID : Designer_20260417_142322_086
Project Path  : C:\Users\3class_007\Documents\Brity RPA Projects\ESS\ESS.proj
Process Name  : T_2_macro
Engine Mode   : Designer
Requester Type: Designer
Requester PID : 14300

2026-04-17 14:23:22,672 [T7] INFO  JobRequest
Start Callback Sender

2026-04-17 14:23:22,672 [T7] DEBUG JobRequest
Step Callback Interval: 500

2026-04-17 14:23:22,737 [T6] DEBUG ProjectManager
Set Project Information

2026-04-17 14:23:22,793 [T6] INFO  PlayOptionManager
PlayOption
- Step Interval : 1
- Disable DrawBounds : False
- Invoke First : False
- Allow Upload of DumpScreen results : False

2026-04-17 14:23:22,795 [T6] INFO  JobRunner
Initialize Script Engine

2026-04-17 14:23:22,825 [T11-ScriptEngine] INFO  JobRequest
##############################################################
### STATE: Initializing
##############################################################


2026-04-17 14:23:22,836 [T7] DEBUG JobRequest
Callback - State: Initializing


2026-04-17 14:23:23,789 [T11-ScriptEngine] INFO  JobRequest
##############################################################
### STATE: Ready
##############################################################


2026-04-17 14:23:23,790 [T7] DEBUG JobRequest
Callback - State: Ready


2026-04-17 14:23:23,801 [T6] INFO  JobRunnerHook
HotKey Hook Started

2026-04-17 14:23:23,802 [T6] INFO  JobRequest
##############################################################
### STATE: Starting
##############################################################


2026-04-17 14:23:23,803 [T11-ScriptEngine] INFO  JobRunner
RunProcess start

2026-04-17 14:23:23,805 [T11-ScriptEngine] INFO  JobRequest
##############################################################
### STATE: Running
##############################################################


2026-04-17 14:23:23,805 [T11-ScriptEngine] INFO  JobRequest
Last job life cycle state: Running

2026-04-17 14:23:23,806 [T7] DEBUG JobRequest
Callback - State: Starting


2026-04-17 14:23:23,822 [T7] DEBUG JobRequest
Callback - State: Running


2026-04-17 14:23:24,753 [T11-ScriptEngine] DEBUG ScreenCapture
DirectX Screen Capture Initialized.

2026-04-17 14:23:24,810 [T11-ScriptEngine] DEBUG JobRunner
DirectX ScreenCapture Checked.

2026-04-17 14:23:24,841 [T11-ScriptEngine] INFO  JobRequest
##############################################################
### STATE: StartProcess - T_2_macro
##############################################################
a04dcbbb-a34e-4929-b6da-a5a995ffdc74
T_2_macro


2026-04-17 14:23:24,896 [T11-ScriptEngine] INFO  JobRequest
**************************************************************
*** TASK: T_2_macro
**************************************************************
 - STEP 1: S1684f8361913481d869ef775e78ae6bf (1/23) - (1/23)
 - [1] ExecuteCmd


2026-04-17 14:23:25,252 [T11-ScriptEngine] INFO  JobRequest
 - STEP 2: S6ce26cd947bc4032b6946d1b99d34fc5 (2/23) - (2/23)
 - [2] MessageBox


2026-04-17 14:23:25,289 [T11-ScriptEngine] INFO  ScriptSupport
C:\Users\3class_007\Downloads\report.xlsm


2026-04-17 14:23:34,549 [T11-ScriptEngine] INFO  JobRequest
 - STEP 3: Saaa675c2aeac403d861f73a25c98d26d (3/23) - (3/23)
 - [3] OpenExcel


2026-04-17 14:23:35,943 [T11-ScriptEngine] ERROR OpenExcel
경로에 잘못된 문자가 있습니다.

2026-04-17 14:23:35,945 [T11-ScriptEngine] DEBUG ExcelBase
DisposeExcel

2026-04-17 14:23:47,706 [T11-ScriptEngine] WARN  ScriptSupport
[CATCH_STEP_EXCEPTION] Process: T_2_macro
Step: OpenExcel (3/23)

Error: 경로에 잘못된 문자가 있습니다.

2026-04-17 14:23:47,710 [T11-ScriptEngine] FINE  JobRunner
RunTask ExceptionOccured. TASK: T_2_macro => 경로에 잘못된 문자가 있습니다.

2026-04-17 14:23:47,731 [T11-ScriptEngine] INFO  JobRequest
##############################################################
### STATE: EndProcess - T_2_macro
##############################################################
a04dcbbb-a34e-4929-b6da-a5a995ffdc74
T_2_macro


2026-04-17 14:23:47,758 [T11-ScriptEngine] ERROR JobRunner
Process: T_2_macro
Step: OpenExcel (3/23)

경로에 잘못된 문자가 있습니다.

[CallStack]
  - T_2_macro: [3] OpenExcel

[Global Variables]
  - RESULT = <null> (Any)

[T_2_macro Variables]
  - latest_report_path = 'C:\\Users\\3class_007\\Downloads\\report.xlsm\r\n' (String)
  - reportgood = <undefined> (Undefined)
  - mcr_reset = <undefined> (Undefined)
  - mcr_security = <undefined> (Undefined)
  - officeoff = <undefined> (Undefined)

2026-04-17 14:23:47,759 [T11-ScriptEngine] DEBUG JobManager
Set Result State: ExceptionOccured

2026-04-17 14:23:54,717 [T11-ScriptEngine] INFO  JobRunner
Make report.

2026-04-17 14:23:54,792 [T11-ScriptEngine] INFO  JobRunner
Start to clean up resources.

2026-04-17 14:23:54,793 [T10] DEBUG JobRunner
Start timer for checking the job to be completed.

2026-04-17 14:23:54,795 [T11-ScriptEngine] DEBUG JobRunner
OnProcessFailed

2026-04-17 14:23:54,796 [T11-ScriptEngine] INFO  JobRunner
Start to clean up resources.

2026-04-17 14:23:54,800 [T11-ScriptEngine] DEBUG JobRunner
Remove all libraries

2026-04-17 14:23:54,945 [T11-ScriptEngine] DEBUG NetPlayer
WebPlayer OnDispose

2026-04-17 14:23:54,948 [T11-ScriptEngine] DEBUG WebPlayer
WebPlayer OnDispose : Do Nothing

2026-04-17 14:23:54,958 [T11-ScriptEngine] DEBUG UiaAppHelper
WinHelper DisposeAppList Count: 0

2026-04-17 14:23:54,959 [T11-ScriptEngine] INFO  JobRunner
All Resources Clear

2026-04-17 14:23:54,962 [T11-ScriptEngine] DEBUG JobRunner
OnCompleted

2026-04-17 14:23:54,963 [T11-ScriptEngine] DEBUG JobRunner
SendJobResult: ExceptionOccured

2026-04-17 14:23:54,963 [T11-ScriptEngine] INFO  JobRequest
##############################################################
### STATE: ExceptionOccured
##############################################################
Process: T_2_macro
Step: OpenExcel (3/23)

경로에 잘못된 문자가 있습니다.

[CallStack]
  - T_2_macro: [3] OpenExcel

[Global Variables]
  - RESULT = <null> (Any)

[T_2_macro Variables]
  - latest_report_path = 'C:\\Users\\3class_007\\Downloads\\report.xlsm\r\n' (String)
  - reportgood = <undefined> (Undefined)
  - mcr_reset = <undefined> (Undefined)
  - mcr_security = <undefined> (Undefined)
  - officeoff = <undefined> (Undefined)


2026-04-17 14:23:54,963 [T11-ScriptEngine] INFO  JobRequest
Last job life cycle state: ExceptionOccured

2026-04-17 14:23:54,966 [T11-ScriptEngine] DEBUG JobDBManager
Set last life-cycle state: ExceptionOccured - Process: T_2_macro
Step: OpenExcel (3/23)

경로에 잘못된 문자가 있습니다.

[CallStack]
  - T_2_macro: [3] OpenExcel

[Global Variables]
  - RESULT = <null> (Any)

[T_2_macro Variables]
  - latest_report_path = 'C:\\Users\\3class_007\\Downloads\\report.xlsm\r\n' (String)
  - reportgood = <undefined> (Undefined)
  - mcr_reset = <undefined> (Undefined)
  - mcr_security = <undefined> (Undefined)
  - officeoff = <undefined> (Undefined)

2026-04-17 14:23:54,994 [T11-ScriptEngine] INFO  JobRequest
##############################################################
### JOB COMPLETED
##############################################################


2026-04-17 14:23:54,994 [T7] DEBUG JobRequest
Callback - State: ExceptionOccured
Process: T_2_macro
Step: OpenExcel (3/23)

경로에 잘못된 문자가 있습니다.

[CallStack]
  - T_2_macro: [3] OpenExcel

[Global Variables]
  - RESULT = <null> (Any)

[T_2_macro Variables]
  - latest_report_path = 'C:\\Users\\3class_007\\Downloads\\report.xlsm\r\n' (String)
  - reportgood = <undefined> (Undefined)
  - mcr_reset = <undefined> (Undefined)
  - mcr_security = <undefined> (Undefined)
  - officeoff = <undefined> (Undefined)

2026-04-17 14:23:54,995 [T7] INFO  JobRequest
Callback - EngineClosed

2026-04-17 14:23:54,996 [T7] INFO  JobService
Disconnect agent service

2026-04-17 14:23:54,998 [T7] DEBUG JobRequest
End of Callback Sender

